::1 - - [31/Aug/2018:17:43:43 +0000] "GET /survey HTTP/1.1" 404 252 "-" "Mozilla/5.0 (iPhone; CPU iPhone OS 10_3_1 like Mac OS X) AppleWebKit/603.1.30 (KHTML, like Gecko) Version/10.0 Mobile/14E304 Safari/602.1"
::1 - - [31/Aug/2018:17:43:43 +0000] "GET /favicon.ico HTTP/1.1" 404 252 "http://localhost:8000/survey" "Mozilla/5.0 (iPhone; CPU iPhone OS 10_3_1 like Mac OS X) AppleWebKit/603.1.30 (KHTML, like Gecko) Version/10.0 Mobile/14E304 Safari/602.1"
::1 - - [31/Aug/2018:17:44:13 +0000] "GET /main.206cb0f6e88c173f8c62.js HTTP/1.1" 200 4818 "http://localhost:8000/ngsw-worker.js" "Mozilla/5.0 (Macintosh; Intel Mac OS X 10_13_6) AppleWebKit/537.36 (KHTML, like Gecko) Chrome/68.0.3440.106 Safari/537.36"
::1 - - [31/Aug/2018:17:44:13 +0000] "GET /main.206cb0f6e88c173f8c62.js?ngsw-cache-bust=0.790257367991827 HTTP/1.1" 200 4818 "http://localhost:8000/ngsw-worker.js" "Mozilla/5.0 (Macintosh; Intel Mac OS X 10_13_6) AppleWebKit/537.36 (KHTML, like Gecko) Chrome/68.0.3440.106 Safari/537.36"
::1 - - [31/Aug/2018:17:44:23 +0000] "GET /ngsw-worker.js HTTP/1.1" 200 4818 "http://localhost:8000/ngsw-worker.js" "Mozilla/5.0 (iPhone; CPU iPhone OS 10_3_1 like Mac OS X) AppleWebKit/603.1.30 (KHTML, like Gecko) Version/10.0 Mobile/14E304 Safari/602.1"
::1 - - [31/Aug/2018:17:44:25 +0000] "GET /ngsw.json?ngsw-cache-bust=0.6837919732986908 HTTP/1.1" 200 4818 "http://localhost:8000/ngsw-worker.js" "Mozilla/5.0 (iPhone; CPU iPhone OS 10_3_1 like Mac OS X) AppleWebKit/603.1.30 (KHTML, like Gecko) Version/10.0 Mobile/14E304 Safari/602.1"
::1 - - [31/Aug/2018:17:44:25 +0000] "GET /ngsw.json?ngsw-cache-bust=0.8137392923596591 HTTP/1.1" 200 4818 "http://localhost:8000/ngsw-worker.js" "Mozilla/5.0 (iPhone; CPU iPhone OS 10_3_1 like Mac OS X) AppleWebKit/603.1.30 (KHTML, like Gecko) Version/10.0 Mobile/14E304 Safari/602.1"
::1 - - [31/Aug/2018:17:44:33 +0000] "GET /login HTTP/1.1" 200 4818 "-" "Mozilla/5.0 (iPhone; CPU iPhone OS 10_3_1 like Mac OS X) AppleWebKit/603.1.30 (KHTML, like Gecko) Version/10.0 Mobile/14E304 Safari/602.1"
::1 - - [31/Aug/2018:17:44:44 +0000] "POST /api/clients/login HTTP/1.1" 200 68 "http://localhost:8000/login" "Mozilla/5.0 (iPhone; CPU iPhone OS 10_3_1 like Mac OS X) AppleWebKit/603.1.30 (KHTML, like Gecko) Version/10.0 Mobile/14E304 Safari/602.1"
::1 - - [31/Aug/2018:17:50:02 +0000] "GET /api/clients/null?resolve=true HTTP/1.1" 200 2 "http://localhost:8000/survey" "Mozilla/5.0 (iPhone; CPU iPhone OS 10_3_1 like Mac OS X) AppleWebKit/603.1.30 (KHTML, like Gecko) Version/10.0 Mobile/14E304 Safari/602.1"
::1 - - [31/Aug/2018:17:50:06 +0000] "GET /api/survey-categories HTTP/1.1" 200 626 "http://localhost:8000/survey/add" "Mozilla/5.0 (iPhone; CPU iPhone OS 10_3_1 like Mac OS X) AppleWebKit/603.1.30 (KHTML, like Gecko) Version/10.0 Mobile/14E304 Safari/602.1"
::1 - - [31/Aug/2018:17:50:29 +0000] "POST /api/surveys HTTP/1.1" 200 414 "http://localhost:8000/survey/add" "Mozilla/5.0 (iPhone; CPU iPhone OS 10_3_1 like Mac OS X) AppleWebKit/603.1.30 (KHTML, like Gecko) Version/10.0 Mobile/14E304 Safari/602.1"
::1 - - [31/Aug/2018:17:50:38 +0000] "POST /api/surveys HTTP/1.1" 200 414 "http://localhost:8000/survey/add" "Mozilla/5.0 (iPhone; CPU iPhone OS 10_3_1 like Mac OS X) AppleWebKit/603.1.30 (KHTML, like Gecko) Version/10.0 Mobile/14E304 Safari/602.1"
::1 - - [31/Aug/2018:17:50:54 +0000] "POST /api/surveys HTTP/1.1" 200 446 "http://localhost:8000/survey/add" "Mozilla/5.0 (iPhone; CPU iPhone OS 10_3_1 like Mac OS X) AppleWebKit/603.1.30 (KHTML, like Gecko) Version/10.0 Mobile/14E304 Safari/602.1"
::1 - - [31/Aug/2018:17:51:44 +0000] "GET /api/clients/null?resolve=true HTTP/1.1" 304 - "http://localhost:8000/survey" "Mozilla/5.0 (iPhone; CPU iPhone OS 10_3_1 like Mac OS X) AppleWebKit/603.1.30 (KHTML, like Gecko) Version/10.0 Mobile/14E304 Safari/602.1"
::1 - - [31/Aug/2018:17:51:50 +0000] "GET /survey HTTP/1.1" 200 4818 "-" "Mozilla/5.0 (iPhone; CPU iPhone OS 10_3_1 like Mac OS X) AppleWebKit/603.1.30 (KHTML, like Gecko) Version/10.0 Mobile/14E304 Safari/602.1"
::1 - - [31/Aug/2018:17:51:52 +0000] "GET /api/clients/null?resolve=true HTTP/1.1" 200 2 "http://localhost:8000/survey" "Mozilla/5.0 (iPhone; CPU iPhone OS 10_3_1 like Mac OS X) AppleWebKit/603.1.30 (KHTML, like Gecko) Version/10.0 Mobile/14E304 Safari/602.1"
::1 - - [31/Aug/2018:17:55:21 +0000] "GET /main.206cb0f6e88c173f8c62.js HTTP/1.1" 200 4818 "http://localhost:8000/ngsw-worker.js" "Mozilla/5.0 (Macintosh; Intel Mac OS X 10_13_6) AppleWebKit/537.36 (KHTML, like Gecko) Chrome/68.0.3440.106 Safari/537.36"
::1 - - [31/Aug/2018:17:55:21 +0000] "GET /main.206cb0f6e88c173f8c62.js?ngsw-cache-bust=0.47085512628980664 HTTP/1.1" 200 4818 "http://localhost:8000/ngsw-worker.js" "Mozilla/5.0 (Macintosh; Intel Mac OS X 10_13_6) AppleWebKit/537.36 (KHTML, like Gecko) Chrome/68.0.3440.106 Safari/537.36"
::1 - - [31/Aug/2018:17:55:23 +0000] "GET /ngsw-worker.js HTTP/1.1" 200 4818 "http://localhost:8000/ngsw-worker.js" "Mozilla/5.0 (Macintosh; Intel Mac OS X 10_13_6) AppleWebKit/537.36 (KHTML, like Gecko) Chrome/68.0.3440.106 Safari/537.36"
::1 - - [31/Aug/2018:17:55:37 +0000] "GET /ngsw.json?ngsw-cache-bust=0.289467124292647 HTTP/1.1" 200 4818 "http://localhost:8000/ngsw-worker.js" "Mozilla/5.0 (iPhone; CPU iPhone OS 10_3_1 like Mac OS X) AppleWebKit/603.1.30 (KHTML, like Gecko) Version/10.0 Mobile/14E304 Safari/602.1"
::1 - - [31/Aug/2018:17:55:37 +0000] "POST /api/clients/login HTTP/1.1" 200 68 "http://localhost:8000/login" "Mozilla/5.0 (iPhone; CPU iPhone OS 10_3_1 like Mac OS X) AppleWebKit/603.1.30 (KHTML, like Gecko) Version/10.0 Mobile/14E304 Safari/602.1"
::1 - - [31/Aug/2018:17:55:37 +0000] "GET /ngsw.json?ngsw-cache-bust=0.5497367063840721 HTTP/1.1" 200 4818 "http://localhost:8000/ngsw-worker.js" "Mozilla/5.0 (iPhone; CPU iPhone OS 10_3_1 like Mac OS X) AppleWebKit/603.1.30 (KHTML, like Gecko) Version/10.0 Mobile/14E304 Safari/602.1"
::1 - - [31/Aug/2018:17:56:26 +0000] "GET /dashboard HTTP/1.1" 200 4818 "-" "Mozilla/5.0 (iPhone; CPU iPhone OS 10_3_1 like Mac OS X) AppleWebKit/603.1.30 (KHTML, like Gecko) Version/10.0 Mobile/14E304 Safari/602.1"
::1 - - [31/Aug/2018:17:56:29 +0000] "DELETE /api/clients HTTP/1.1" 200 15 "http://localhost:8000/dashboard" "Mozilla/5.0 (iPhone; CPU iPhone OS 10_3_1 like Mac OS X) AppleWebKit/603.1.30 (KHTML, like Gecko) Version/10.0 Mobile/14E304 Safari/602.1"
::1 - - [31/Aug/2018:17:56:38 +0000] "POST /api/clients/login HTTP/1.1" 200 68 "http://localhost:8000/login" "Mozilla/5.0 (iPhone; CPU iPhone OS 10_3_1 like Mac OS X) AppleWebKit/603.1.30 (KHTML, like Gecko) Version/10.0 Mobile/14E304 Safari/602.1"
::1 - - [31/Aug/2018:18:00:17 +0000] "GET /dashboard HTTP/1.1" 200 4818 "-" "Mozilla/5.0 (iPhone; CPU iPhone OS 10_3_1 like Mac OS X) AppleWebKit/603.1.30 (KHTML, like Gecko) Version/10.0 Mobile/14E304 Safari/602.1"
::1 - - [31/Aug/2018:18:00:20 +0000] "GET /ngsw-worker.js HTTP/1.1" 200 4818 "http://localhost:8000/ngsw-worker.js" "Mozilla/5.0 (iPhone; CPU iPhone OS 10_3_1 like Mac OS X) AppleWebKit/603.1.30 (KHTML, like Gecko) Version/10.0 Mobile/14E304 Safari/602.1"
::1 - - [31/Aug/2018:18:00:21 +0000] "DELETE /api/clients HTTP/1.1" 200 15 "http://localhost:8000/dashboard" "Mozilla/5.0 (iPhone; CPU iPhone OS 10_3_1 like Mac OS X) AppleWebKit/603.1.30 (KHTML, like Gecko) Version/10.0 Mobile/14E304 Safari/602.1"
::1 - - [31/Aug/2018:18:00:26 +0000] "GET /ngsw.json?ngsw-cache-bust=0.35837230343066806 HTTP/1.1" 200 4818 "http://localhost:8000/ngsw-worker.js" "Mozilla/5.0 (iPhone; CPU iPhone OS 10_3_1 like Mac OS X) AppleWebKit/603.1.30 (KHTML, like Gecko) Version/10.0 Mobile/14E304 Safari/602.1"
::1 - - [31/Aug/2018:18:00:32 +0000] "POST /api/clients/login HTTP/1.1" 200 68 "http://localhost:8000/login" "Mozilla/5.0 (iPhone; CPU iPhone OS 10_3_1 like Mac OS X) AppleWebKit/603.1.30 (KHTML, like Gecko) Version/10.0 Mobile/14E304 Safari/602.1"
::1 - - [31/Aug/2018:18:01:46 +0000] "DELETE /api/clients HTTP/1.1" 200 15 "http://localhost:8000/dashboard" "Mozilla/5.0 (iPhone; CPU iPhone OS 10_3_1 like Mac OS X) AppleWebKit/603.1.30 (KHTML, like Gecko) Version/10.0 Mobile/14E304 Safari/602.1"
::1 - - [31/Aug/2018:18:09:21 +0000] "POST /api/clients/login HTTP/1.1" 200 68 "http://localhost:8000/login" "Mozilla/5.0 (iPhone; CPU iPhone OS 10_3_1 like Mac OS X) AppleWebKit/603.1.30 (KHTML, like Gecko) Version/10.0 Mobile/14E304 Safari/602.1"
::1 - - [31/Aug/2018:18:09:23 +0000] "POST /api/clients/login HTTP/1.1" 200 68 "http://localhost:8000/login" "Mozilla/5.0 (iPhone; CPU iPhone OS 10_3_1 like Mac OS X) AppleWebKit/603.1.30 (KHTML, like Gecko) Version/10.0 Mobile/14E304 Safari/602.1"
::1 - - [31/Aug/2018:18:10:16 +0000] "GET /login HTTP/1.1" 200 4818 "-" "Mozilla/5.0 (iPhone; CPU iPhone OS 10_3_1 like Mac OS X) AppleWebKit/603.1.30 (KHTML, like Gecko) Version/10.0 Mobile/14E304 Safari/602.1"
::1 - - [31/Aug/2018:18:10:21 +0000] "GET /login HTTP/1.1" 200 4818 "-" "Mozilla/5.0 (iPhone; CPU iPhone OS 10_3_1 like Mac OS X) AppleWebKit/603.1.30 (KHTML, like Gecko) Version/10.0 Mobile/14E304 Safari/602.1"
::1 - - [31/Aug/2018:18:10:39 +0000] "POST /api/clients/login HTTP/1.1" 200 68 "http://localhost:8000/login" "Mozilla/5.0 (iPhone; CPU iPhone OS 10_3_1 like Mac OS X) AppleWebKit/603.1.30 (KHTML, like Gecko) Version/10.0 Mobile/14E304 Safari/602.1"
::1 - - [31/Aug/2018:18:11:11 +0000] "GET /dashboard HTTP/1.1" 200 4818 "-" "Mozilla/5.0 (iPhone; CPU iPhone OS 10_3_1 like Mac OS X) AppleWebKit/603.1.30 (KHTML, like Gecko) Version/10.0 Mobile/14E304 Safari/602.1"
::1 - - [31/Aug/2018:18:11:16 +0000] "DELETE /api/clients HTTP/1.1" 200 15 "http://localhost:8000/dashboard" "Mozilla/5.0 (iPhone; CPU iPhone OS 10_3_1 like Mac OS X) AppleWebKit/603.1.30 (KHTML, like Gecko) Version/10.0 Mobile/14E304 Safari/602.1"
::1 - - [31/Aug/2018:18:11:24 +0000] "GET /login HTTP/1.1" 200 4818 "-" "Mozilla/5.0 (iPhone; CPU iPhone OS 10_3_1 like Mac OS X) AppleWebKit/603.1.30 (KHTML, like Gecko) Version/10.0 Mobile/14E304 Safari/602.1"
::1 - - [31/Aug/2018:18:11:38 +0000] "POST /api/clients/login HTTP/1.1" 200 68 "http://localhost:8000/login" "Mozilla/5.0 (iPhone; CPU iPhone OS 10_3_1 like Mac OS X) AppleWebKit/603.1.30 (KHTML, like Gecko) Version/10.0 Mobile/14E304 Safari/602.1"
::1 - - [31/Aug/2018:18:12:57 +0000] "GET /dashboard HTTP/1.1" 200 4818 "-" "Mozilla/5.0 (iPhone; CPU iPhone OS 10_3_1 like Mac OS X) AppleWebKit/603.1.30 (KHTML, like Gecko) Version/10.0 Mobile/14E304 Safari/602.1"
::1 - - [31/Aug/2018:18:13:24 +0000] "GET /dashboard HTTP/1.1" 200 4818 "-" "Mozilla/5.0 (iPhone; CPU iPhone OS 10_3_1 like Mac OS X) AppleWebKit/603.1.30 (KHTML, like Gecko) Version/10.0 Mobile/14E304 Safari/602.1"
::1 - - [31/Aug/2018:18:13:30 +0000] "DELETE /api/clients HTTP/1.1" 200 15 "http://localhost:8000/dashboard" "Mozilla/5.0 (iPhone; CPU iPhone OS 10_3_1 like Mac OS X) AppleWebKit/603.1.30 (KHTML, like Gecko) Version/10.0 Mobile/14E304 Safari/602.1"
::1 - - [31/Aug/2018:18:13:39 +0000] "POST /api/clients/login HTTP/1.1" 200 68 "http://localhost:8000/login" "Mozilla/5.0 (iPhone; CPU iPhone OS 10_3_1 like Mac OS X) AppleWebKit/603.1.30 (KHTML, like Gecko) Version/10.0 Mobile/14E304 Safari/602.1"
::1 - - [31/Aug/2018:18:14:09 +0000] "GET /dashboard HTTP/1.1" 200 4818 "-" "Mozilla/5.0 (iPhone; CPU iPhone OS 10_3_1 like Mac OS X) AppleWebKit/603.1.30 (KHTML, like Gecko) Version/10.0 Mobile/14E304 Safari/602.1"
::1 - - [31/Aug/2018:18:22:19 +0000] "DELETE /api/clients HTTP/1.1" 200 15 "http://localhost:8000/dashboard" "Mozilla/5.0 (iPhone; CPU iPhone OS 10_3_1 like Mac OS X) AppleWebKit/603.1.30 (KHTML, like Gecko) Version/10.0 Mobile/14E304 Safari/602.1"
::1 - - [31/Aug/2018:18:24:16 +0000] "POST /api/clients/login HTTP/1.1" 200 68 "http://localhost:8000/login" "Mozilla/5.0 (iPhone; CPU iPhone OS 10_3_1 like Mac OS X) AppleWebKit/603.1.30 (KHTML, like Gecko) Version/10.0 Mobile/14E304 Safari/602.1"
::1 - - [31/Aug/2018:18:33:11 +0000] "GET /dashboard HTTP/1.1" 200 4818 "-" "Mozilla/5.0 (iPhone; CPU iPhone OS 10_3_1 like Mac OS X) AppleWebKit/603.1.30 (KHTML, like Gecko) Version/10.0 Mobile/14E304 Safari/602.1"
::1 - - [31/Aug/2018:18:33:23 +0000] "DELETE /api/clients HTTP/1.1" 200 15 "http://localhost:8000/dashboard" "Mozilla/5.0 (iPhone; CPU iPhone OS 10_3_1 like Mac OS X) AppleWebKit/603.1.30 (KHTML, like Gecko) Version/10.0 Mobile/14E304 Safari/602.1"
::1 - - [31/Aug/2018:18:34:58 +0000] "GET /main.206cb0f6e88c173f8c62.js HTTP/1.1" 200 4818 "http://localhost:8000/ngsw-worker.js" "Mozilla/5.0 (Macintosh; Intel Mac OS X 10_13_6) AppleWebKit/537.36 (KHTML, like Gecko) Chrome/68.0.3440.106 Safari/537.36"
::1 - - [31/Aug/2018:18:34:58 +0000] "GET /main.206cb0f6e88c173f8c62.js?ngsw-cache-bust=0.08221977551036175 HTTP/1.1" 200 4818 "http://localhost:8000/ngsw-worker.js" "Mozilla/5.0 (Macintosh; Intel Mac OS X 10_13_6) AppleWebKit/537.36 (KHTML, like Gecko) Chrome/68.0.3440.106 Safari/537.36"
::1 - - [31/Aug/2018:18:35:08 +0000] "GET /ngsw-worker.js HTTP/1.1" 200 4818 "http://localhost:8000/ngsw-worker.js" "Mozilla/5.0 (iPhone; CPU iPhone OS 10_3_1 like Mac OS X) AppleWebKit/603.1.30 (KHTML, like Gecko) Version/10.0 Mobile/14E304 Safari/602.1"
::1 - - [31/Aug/2018:18:35:11 +0000] "GET /ngsw.json?ngsw-cache-bust=0.5604546161151305 HTTP/1.1" 200 4818 "http://localhost:8000/ngsw-worker.js" "Mozilla/5.0 (iPhone; CPU iPhone OS 10_3_1 like Mac OS X) AppleWebKit/603.1.30 (KHTML, like Gecko) Version/10.0 Mobile/14E304 Safari/602.1"
::1 - - [31/Aug/2018:18:35:11 +0000] "GET /ngsw.json?ngsw-cache-bust=0.41638054532976465 HTTP/1.1" 200 4818 "http://localhost:8000/ngsw-worker.js" "Mozilla/5.0 (iPhone; CPU iPhone OS 10_3_1 like Mac OS X) AppleWebKit/603.1.30 (KHTML, like Gecko) Version/10.0 Mobile/14E304 Safari/602.1"
::1 - - [31/Aug/2018:18:35:18 +0000] "GET /login HTTP/1.1" 200 4818 "-" "Mozilla/5.0 (iPhone; CPU iPhone OS 10_3_1 like Mac OS X) AppleWebKit/603.1.30 (KHTML, like Gecko) Version/10.0 Mobile/14E304 Safari/602.1"
::1 - - [31/Aug/2018:18:35:33 +0000] "POST /api/clients/login HTTP/1.1" 200 68 "http://localhost:8000/login" "Mozilla/5.0 (iPhone; CPU iPhone OS 10_3_1 like Mac OS X) AppleWebKit/603.1.30 (KHTML, like Gecko) Version/10.0 Mobile/14E304 Safari/602.1"
::1 - - [31/Aug/2018:21:26:40 +0000] "GET /main.206cb0f6e88c173f8c62.js HTTP/1.1" 404 252 "http://localhost:8000/ngsw-worker.js" "Mozilla/5.0 (Macintosh; Intel Mac OS X 10_13_6) AppleWebKit/537.36 (KHTML, like Gecko) Chrome/68.0.3440.106 Safari/537.36"
::1 - - [31/Aug/2018:21:26:40 +0000] "GET / HTTP/1.1" 404 252 "-" "Mozilla/5.0 (Macintosh; Intel Mac OS X 10_13_6) AppleWebKit/537.36 (KHTML, like Gecko) Chrome/68.0.3440.106 Safari/537.36"
::1 - - [31/Aug/2018:21:26:40 +0000] "GET /favicon.ico HTTP/1.1" 404 252 "http://localhost:8000/" "Mozilla/5.0 (Macintosh; Intel Mac OS X 10_13_6) AppleWebKit/537.36 (KHTML, like Gecko) Chrome/68.0.3440.106 Safari/537.36"
::1 - - [31/Aug/2018:21:26:41 +0000] "GET /ngsw-worker.js HTTP/1.1" 404 252 "http://localhost:8000/ngsw-worker.js" "Mozilla/5.0 (Macintosh; Intel Mac OS X 10_13_6) AppleWebKit/537.36 (KHTML, like Gecko) Chrome/68.0.3440.106 Safari/537.36"
::1 - - [31/Aug/2018:21:27:41 +0000] "POST /api/clients HTTP/1.1" 200 65 "http://localhost:8000/register" "Mozilla/5.0 (iPhone; CPU iPhone OS 10_3_1 like Mac OS X) AppleWebKit/603.1.30 (KHTML, like Gecko) Version/10.0 Mobile/14E304 Safari/602.1"
::1 - - [31/Aug/2018:21:27:41 +0000] "POST /api/clients HTTP/1.1" 200 65 "http://localhost:8000/register" "Mozilla/5.0 (iPhone; CPU iPhone OS 10_3_1 like Mac OS X) AppleWebKit/603.1.30 (KHTML, like Gecko) Version/10.0 Mobile/14E304 Safari/602.1"
::1 - - [31/Aug/2018:21:29:17 +0000] "POST /api/clients/login HTTP/1.1" 200 68 "http://localhost:8000/login" "Mozilla/5.0 (iPhone; CPU iPhone OS 10_3_1 like Mac OS X) AppleWebKit/603.1.30 (KHTML, like Gecko) Version/10.0 Mobile/14E304 Safari/602.1"
::1 - - [31/Aug/2018:22:51:53 +0000] "GET /main.206cb0f6e88c173f8c62.js HTTP/1.1" 200 4818 "http://localhost:8000/ngsw-worker.js" "Mozilla/5.0 (Macintosh; Intel Mac OS X 10_13_6) AppleWebKit/537.36 (KHTML, like Gecko) Chrome/68.0.3440.106 Safari/537.36"
::1 - - [31/Aug/2018:22:51:53 +0000] "GET /main.206cb0f6e88c173f8c62.js?ngsw-cache-bust=0.017415447123087402 HTTP/1.1" 200 4818 "http://localhost:8000/ngsw-worker.js" "Mozilla/5.0 (Macintosh; Intel Mac OS X 10_13_6) AppleWebKit/537.36 (KHTML, like Gecko) Chrome/68.0.3440.106 Safari/537.36"
::1 - - [31/Aug/2018:22:52:00 +0000] "GET /ngsw-worker.js HTTP/1.1" 200 4818 "http://localhost:8000/ngsw-worker.js" "Mozilla/5.0 (iPhone; CPU iPhone OS 10_3_1 like Mac OS X) AppleWebKit/603.1.30 (KHTML, like Gecko) Version/10.0 Mobile/14E304 Safari/602.1"
::1 - - [31/Aug/2018:22:52:01 +0000] "GET /ngsw.json?ngsw-cache-bust=0.6668741285404416 HTTP/1.1" 200 4818 "http://localhost:8000/ngsw-worker.js" "Mozilla/5.0 (iPhone; CPU iPhone OS 10_3_1 like Mac OS X) AppleWebKit/603.1.30 (KHTML, like Gecko) Version/10.0 Mobile/14E304 Safari/602.1"
::1 - - [31/Aug/2018:22:52:01 +0000] "GET /ngsw.json?ngsw-cache-bust=0.03281168760806352 HTTP/1.1" 200 4818 "http://localhost:8000/ngsw-worker.js" "Mozilla/5.0 (iPhone; CPU iPhone OS 10_3_1 like Mac OS X) AppleWebKit/603.1.30 (KHTML, like Gecko) Version/10.0 Mobile/14E304 Safari/602.1"
::1 - - [31/Aug/2018:22:58:59 +0000] "GET /register HTTP/1.1" 200 4818 "-" "Mozilla/5.0 (iPhone; CPU iPhone OS 10_3_1 like Mac OS X) AppleWebKit/603.1.30 (KHTML, like Gecko) Version/10.0 Mobile/14E304 Safari/602.1"
::1 - - [31/Aug/2018:22:59:31 +0000] "GET /register HTTP/1.1" 200 4818 "-" "Mozilla/5.0 (iPhone; CPU iPhone OS 10_3_1 like Mac OS X) AppleWebKit/603.1.30 (KHTML, like Gecko) Version/10.0 Mobile/14E304 Safari/602.1"
::1 - - [31/Aug/2018:23:00:20 +0000] "GET /register HTTP/1.1" 200 4818 "-" "Mozilla/5.0 (iPhone; CPU iPhone OS 10_3_1 like Mac OS X) AppleWebKit/603.1.30 (KHTML, like Gecko) Version/10.0 Mobile/14E304 Safari/602.1"
::1 - - [31/Aug/2018:23:00:57 +0000] "GET /register HTTP/1.1" 200 4818 "-" "Mozilla/5.0 (iPhone; CPU iPhone OS 10_3_1 like Mac OS X) AppleWebKit/603.1.30 (KHTML, like Gecko) Version/10.0 Mobile/14E304 Safari/602.1"
::1 - - [31/Aug/2018:23:05:07 +0000] "GET /register HTTP/1.1" 200 4818 "-" "Mozilla/5.0 (iPhone; CPU iPhone OS 10_3_1 like Mac OS X) AppleWebKit/603.1.30 (KHTML, like Gecko) Version/10.0 Mobile/14E304 Safari/602.1"
::1 - - [31/Aug/2018:23:05:47 +0000] "POST /api/clients HTTP/1.1" 200 2593 "http://localhost:8000/register" "Mozilla/5.0 (iPhone; CPU iPhone OS 10_3_1 like Mac OS X) AppleWebKit/603.1.30 (KHTML, like Gecko) Version/10.0 Mobile/14E304 Safari/602.1"
::1 - - [31/Aug/2018:23:05:47 +0000] "POST /api/clients HTTP/1.1" 200 438 "http://localhost:8000/register" "Mozilla/5.0 (iPhone; CPU iPhone OS 10_3_1 like Mac OS X) AppleWebKit/603.1.30 (KHTML, like Gecko) Version/10.0 Mobile/14E304 Safari/602.1"
::1 - - [31/Aug/2018:23:38:03 +0000] "GET /register HTTP/1.1" 200 4818 "-" "Mozilla/5.0 (iPhone; CPU iPhone OS 10_3_1 like Mac OS X) AppleWebKit/603.1.30 (KHTML, like Gecko) Version/10.0 Mobile/14E304 Safari/602.1"
::1 - - [31/Aug/2018:23:39:30 +0000] "POST /api/clients HTTP/1.1" 200 2593 "http://localhost:8000/register" "Mozilla/5.0 (iPhone; CPU iPhone OS 10_3_1 like Mac OS X) AppleWebKit/603.1.30 (KHTML, like Gecko) Version/10.0 Mobile/14E304 Safari/602.1"
::1 - - [31/Aug/2018:23:39:30 +0000] "POST /api/clients HTTP/1.1" 200 442 "http://localhost:8000/register" "Mozilla/5.0 (iPhone; CPU iPhone OS 10_3_1 like Mac OS X) AppleWebKit/603.1.30 (KHTML, like Gecko) Version/10.0 Mobile/14E304 Safari/602.1"
::1 - - [31/Aug/2018:23:40:02 +0000] "GET /ngsw-worker.js HTTP/1.1" 200 4818 "http://localhost:8000/ngsw-worker.js" "Mozilla/5.0 (iPhone; CPU iPhone OS 10_3_1 like Mac OS X) AppleWebKit/603.1.30 (KHTML, like Gecko) Version/10.0 Mobile/14E304 Safari/602.1"
::1 - - [31/Aug/2018:23:43:30 +0000] "GET /register HTTP/1.1" 200 4818 "-" "Mozilla/5.0 (iPhone; CPU iPhone OS 10_3_1 like Mac OS X) AppleWebKit/603.1.30 (KHTML, like Gecko) Version/10.0 Mobile/14E304 Safari/602.1"
::1 - - [31/Aug/2018:23:44:11 +0000] "POST /api/clients HTTP/1.1" 200 452 "http://localhost:8000/register" "Mozilla/5.0 (iPhone; CPU iPhone OS 10_3_1 like Mac OS X) AppleWebKit/603.1.30 (KHTML, like Gecko) Version/10.0 Mobile/14E304 Safari/602.1"
::1 - - [31/Aug/2018:23:45:53 +0000] "GET /ngsw-worker.js HTTP/1.1" 200 4818 "http://localhost:8000/ngsw-worker.js" "Mozilla/5.0 (iPhone; CPU iPhone OS 10_3_1 like Mac OS X) AppleWebKit/603.1.30 (KHTML, like Gecko) Version/10.0 Mobile/14E304 Safari/602.1"
::1 - - [31/Aug/2018:23:51:28 +0000] "GET /ngsw-worker.js HTTP/1.1" 200 4818 "http://localhost:8000/ngsw-worker.js" "Mozilla/5.0 (iPhone; CPU iPhone OS 10_3_1 like Mac OS X) AppleWebKit/603.1.30 (KHTML, like Gecko) Version/10.0 Mobile/14E304 Safari/602.1"
::1 - - [01/Sep/2018:01:02:55 +0000] "GET /login HTTP/1.1" 200 4818 "-" "Mozilla/5.0 (iPhone; CPU iPhone OS 10_3_1 like Mac OS X) AppleWebKit/603.1.30 (KHTML, like Gecko) Version/10.0 Mobile/14E304 Safari/602.1"
::1 - - [01/Sep/2018:01:09:08 +0000] "GET /login HTTP/1.1" 200 4818 "-" "Mozilla/5.0 (iPhone; CPU iPhone OS 10_3_1 like Mac OS X) AppleWebKit/603.1.30 (KHTML, like Gecko) Version/10.0 Mobile/14E304 Safari/602.1"
::1 - - [01/Sep/2018:01:09:19 +0000] "POST /api/clients/login HTTP/1.1" 200 68 "http://localhost:8000/login" "Mozilla/5.0 (iPhone; CPU iPhone OS 10_3_1 like Mac OS X) AppleWebKit/603.1.30 (KHTML, like Gecko) Version/10.0 Mobile/14E304 Safari/602.1"
::1 - - [01/Sep/2018:01:10:18 +0000] "GET /login HTTP/1.1" 200 4818 "-" "Mozilla/5.0 (iPhone; CPU iPhone OS 10_3_1 like Mac OS X) AppleWebKit/603.1.30 (KHTML, like Gecko) Version/10.0 Mobile/14E304 Safari/602.1"
::1 - - [01/Sep/2018:01:10:29 +0000] "POST /api/clients/login HTTP/1.1" 200 68 "http://localhost:8000/login" "Mozilla/5.0 (iPhone; CPU iPhone OS 10_3_1 like Mac OS X) AppleWebKit/603.1.30 (KHTML, like Gecko) Version/10.0 Mobile/14E304 Safari/602.1"
::1 - - [01/Sep/2018:01:16:10 +0000] "GET /dashboard HTTP/1.1" 200 4818 "-" "Mozilla/5.0 (iPhone; CPU iPhone OS 10_3_1 like Mac OS X) AppleWebKit/603.1.30 (KHTML, like Gecko) Version/10.0 Mobile/14E304 Safari/602.1"
::1 - - [01/Sep/2018:01:16:14 +0000] "DELETE /api/clients HTTP/1.1" 200 15 "http://localhost:8000/dashboard" "Mozilla/5.0 (iPhone; CPU iPhone OS 10_3_1 like Mac OS X) AppleWebKit/603.1.30 (KHTML, like Gecko) Version/10.0 Mobile/14E304 Safari/602.1"
::1 - - [01/Sep/2018:01:16:31 +0000] "POST /api/clients/login HTTP/1.1" 200 68 "http://localhost:8000/login" "Mozilla/5.0 (iPhone; CPU iPhone OS 10_3_1 like Mac OS X) AppleWebKit/603.1.30 (KHTML, like Gecko) Version/10.0 Mobile/14E304 Safari/602.1"
::1 - - [01/Sep/2018:01:25:37 +0000] "GET /dashboard HTTP/1.1" 200 4818 "-" "Mozilla/5.0 (iPhone; CPU iPhone OS 10_3_1 like Mac OS X) AppleWebKit/603.1.30 (KHTML, like Gecko) Version/10.0 Mobile/14E304 Safari/602.1"
::1 - - [01/Sep/2018:01:25:41 +0000] "DELETE /api/clients HTTP/1.1" 200 15 "http://localhost:8000/dashboard" "Mozilla/5.0 (iPhone; CPU iPhone OS 10_3_1 like Mac OS X) AppleWebKit/603.1.30 (KHTML, like Gecko) Version/10.0 Mobile/14E304 Safari/602.1"
::1 - - [01/Sep/2018:01:33:09 +0000] "GET /dashboard HTTP/1.1" 200 4818 "-" "Mozilla/5.0 (iPhone; CPU iPhone OS 10_3_1 like Mac OS X) AppleWebKit/603.1.30 (KHTML, like Gecko) Version/10.0 Mobile/14E304 Safari/602.1"
::1 - - [01/Sep/2018:01:33:12 +0000] "DELETE /api/clients HTTP/1.1" 200 15 "http://localhost:8000/dashboard" "Mozilla/5.0 (iPhone; CPU iPhone OS 10_3_1 like Mac OS X) AppleWebKit/603.1.30 (KHTML, like Gecko) Version/10.0 Mobile/14E304 Safari/602.1"
::1 - - [01/Sep/2018:01:33:23 +0000] "POST /api/clients/login HTTP/1.1" 200 60 "http://localhost:8000/login" "Mozilla/5.0 (iPhone; CPU iPhone OS 10_3_1 like Mac OS X) AppleWebKit/603.1.30 (KHTML, like Gecko) Version/10.0 Mobile/14E304 Safari/602.1"
::1 - - [01/Sep/2018:01:34:35 +0000] "GET /dashboard HTTP/1.1" 200 4818 "-" "Mozilla/5.0 (iPhone; CPU iPhone OS 10_3_1 like Mac OS X) AppleWebKit/603.1.30 (KHTML, like Gecko) Version/10.0 Mobile/14E304 Safari/602.1"
::1 - - [01/Sep/2018:01:34:38 +0000] "DELETE /api/clients HTTP/1.1" 200 15 "http://localhost:8000/dashboard" "Mozilla/5.0 (iPhone; CPU iPhone OS 10_3_1 like Mac OS X) AppleWebKit/603.1.30 (KHTML, like Gecko) Version/10.0 Mobile/14E304 Safari/602.1"
::1 - - [01/Sep/2018:01:34:48 +0000] "POST /api/clients/login HTTP/1.1" 200 69 "http://localhost:8000/login" "Mozilla/5.0 (iPhone; CPU iPhone OS 10_3_1 like Mac OS X) AppleWebKit/603.1.30 (KHTML, like Gecko) Version/10.0 Mobile/14E304 Safari/602.1"
::1 - - [01/Sep/2018:01:35:46 +0000] "DELETE /api/clients HTTP/1.1" 200 15 "http://localhost:8000/dashboard" "Mozilla/5.0 (iPhone; CPU iPhone OS 10_3_1 like Mac OS X) AppleWebKit/603.1.30 (KHTML, like Gecko) Version/10.0 Mobile/14E304 Safari/602.1"
::1 - - [01/Sep/2018:13:22:00 +0000] "POST /api/clients/login HTTP/1.1" 200 69 "http://localhost:8000/login" "Mozilla/5.0 (iPhone; CPU iPhone OS 10_3_1 like Mac OS X) AppleWebKit/603.1.30 (KHTML, like Gecko) Version/10.0 Mobile/14E304 Safari/602.1"
::1 - - [01/Sep/2018:13:36:53 +0000] "GET /dashboard HTTP/1.1" 200 4818 "-" "Mozilla/5.0 (iPhone; CPU iPhone OS 10_3_1 like Mac OS X) AppleWebKit/603.1.30 (KHTML, like Gecko) Version/10.0 Mobile/14E304 Safari/602.1"
::1 - - [01/Sep/2018:13:36:56 +0000] "DELETE /api/clients HTTP/1.1" 200 15 "http://localhost:8000/dashboard" "Mozilla/5.0 (iPhone; CPU iPhone OS 10_3_1 like Mac OS X) AppleWebKit/603.1.30 (KHTML, like Gecko) Version/10.0 Mobile/14E304 Safari/602.1"
::1 - - [01/Sep/2018:13:37:16 +0000] "POST /api/clients/login HTTP/1.1" 200 69 "http://localhost:8000/login" "Mozilla/5.0 (iPhone; CPU iPhone OS 10_3_1 like Mac OS X) AppleWebKit/603.1.30 (KHTML, like Gecko) Version/10.0 Mobile/14E304 Safari/602.1"
::1 - - [01/Sep/2018:13:38:57 +0000] "GET /dashboard HTTP/1.1" 200 4818 "-" "Mozilla/5.0 (iPhone; CPU iPhone OS 10_3_1 like Mac OS X) AppleWebKit/603.1.30 (KHTML, like Gecko) Version/10.0 Mobile/14E304 Safari/602.1"
::1 - - [01/Sep/2018:13:39:00 +0000] "DELETE /api/clients HTTP/1.1" 200 15 "http://localhost:8000/dashboard" "Mozilla/5.0 (iPhone; CPU iPhone OS 10_3_1 like Mac OS X) AppleWebKit/603.1.30 (KHTML, like Gecko) Version/10.0 Mobile/14E304 Safari/602.1"
::1 - - [01/Sep/2018:13:39:14 +0000] "POST /api/clients/login HTTP/1.1" 200 69 "http://localhost:8000/login" "Mozilla/5.0 (iPhone; CPU iPhone OS 10_3_1 like Mac OS X) AppleWebKit/603.1.30 (KHTML, like Gecko) Version/10.0 Mobile/14E304 Safari/602.1"
::1 - - [01/Sep/2018:13:40:46 +0000] "GET /dashboard HTTP/1.1" 200 4818 "-" "Mozilla/5.0 (iPhone; CPU iPhone OS 10_3_1 like Mac OS X) AppleWebKit/603.1.30 (KHTML, like Gecko) Version/10.0 Mobile/14E304 Safari/602.1"
::1 - - [01/Sep/2018:13:40:53 +0000] "DELETE /api/clients HTTP/1.1" 200 15 "http://localhost:8000/dashboard" "Mozilla/5.0 (iPhone; CPU iPhone OS 10_3_1 like Mac OS X) AppleWebKit/603.1.30 (KHTML, like Gecko) Version/10.0 Mobile/14E304 Safari/602.1"
::1 - - [01/Sep/2018:13:41:05 +0000] "POST /api/clients/login HTTP/1.1" 200 69 "http://localhost:8000/login" "Mozilla/5.0 (iPhone; CPU iPhone OS 10_3_1 like Mac OS X) AppleWebKit/603.1.30 (KHTML, like Gecko) Version/10.0 Mobile/14E304 Safari/602.1"
::1 - - [01/Sep/2018:13:41:14 +0000] "DELETE /api/clients HTTP/1.1" 200 15 "http://localhost:8000/dashboard" "Mozilla/5.0 (iPhone; CPU iPhone OS 10_3_1 like Mac OS X) AppleWebKit/603.1.30 (KHTML, like Gecko) Version/10.0 Mobile/14E304 Safari/602.1"
::1 - - [01/Sep/2018:13:42:17 +0000] "POST /api/clients/login HTTP/1.1" 200 69 "http://localhost:8000/login" "Mozilla/5.0 (iPhone; CPU iPhone OS 10_3_1 like Mac OS X) AppleWebKit/603.1.30 (KHTML, like Gecko) Version/10.0 Mobile/14E304 Safari/602.1"
::1 - - [01/Sep/2018:13:59:46 +0000] "GET /dashboard HTTP/1.1" 200 4818 "-" "Mozilla/5.0 (iPhone; CPU iPhone OS 10_3_1 like Mac OS X) AppleWebKit/603.1.30 (KHTML, like Gecko) Version/10.0 Mobile/14E304 Safari/602.1"
::1 - - [01/Sep/2018:14:00:34 +0000] "DELETE /api/clients HTTP/1.1" 200 15 "http://localhost:8000/dashboard" "Mozilla/5.0 (iPhone; CPU iPhone OS 10_3_1 like Mac OS X) AppleWebKit/603.1.30 (KHTML, like Gecko) Version/10.0 Mobile/14E304 Safari/602.1"
::1 - - [01/Sep/2018:14:00:52 +0000] "GET /login HTTP/1.1" 200 4818 "-" "Mozilla/5.0 (iPhone; CPU iPhone OS 10_3_1 like Mac OS X) AppleWebKit/603.1.30 (KHTML, like Gecko) Version/10.0 Mobile/14E304 Safari/602.1"
::1 - - [01/Sep/2018:14:01:02 +0000] "POST /api/clients/login HTTP/1.1" 200 90 "http://localhost:8000/login" "Mozilla/5.0 (iPhone; CPU iPhone OS 10_3_1 like Mac OS X) AppleWebKit/603.1.30 (KHTML, like Gecko) Version/10.0 Mobile/14E304 Safari/602.1"
::1 - - [01/Sep/2018:14:01:57 +0000] "GET /dashboard HTTP/1.1" 200 4818 "-" "Mozilla/5.0 (iPhone; CPU iPhone OS 10_3_1 like Mac OS X) AppleWebKit/603.1.30 (KHTML, like Gecko) Version/10.0 Mobile/14E304 Safari/602.1"
::1 - - [01/Sep/2018:14:02:24 +0000] "GET /dashboard HTTP/1.1" 200 4818 "-" "Mozilla/5.0 (iPhone; CPU iPhone OS 10_3_1 like Mac OS X) AppleWebKit/603.1.30 (KHTML, like Gecko) Version/10.0 Mobile/14E304 Safari/602.1"
::1 - - [01/Sep/2018:14:10:37 +0000] "GET /dashboard HTTP/1.1" 200 4818 "-" "Mozilla/5.0 (iPhone; CPU iPhone OS 10_3_1 like Mac OS X) AppleWebKit/603.1.30 (KHTML, like Gecko) Version/10.0 Mobile/14E304 Safari/602.1"
::1 - - [01/Sep/2018:14:11:12 +0000] "GET /dashboard HTTP/1.1" 200 4818 "-" "Mozilla/5.0 (iPhone; CPU iPhone OS 10_3_1 like Mac OS X) AppleWebKit/603.1.30 (KHTML, like Gecko) Version/10.0 Mobile/14E304 Safari/602.1"
::1 - - [01/Sep/2018:14:11:30 +0000] "GET /dashboard HTTP/1.1" 200 4818 "-" "Mozilla/5.0 (iPhone; CPU iPhone OS 10_3_1 like Mac OS X) AppleWebKit/603.1.30 (KHTML, like Gecko) Version/10.0 Mobile/14E304 Safari/602.1"
::1 - - [01/Sep/2018:14:11:48 +0000] "GET /dashboard HTTP/1.1" 200 4818 "-" "Mozilla/5.0 (iPhone; CPU iPhone OS 10_3_1 like Mac OS X) AppleWebKit/603.1.30 (KHTML, like Gecko) Version/10.0 Mobile/14E304 Safari/602.1"
::1 - - [01/Sep/2018:14:12:37 +0000] "GET /dashboard HTTP/1.1" 200 4818 "-" "Mozilla/5.0 (iPhone; CPU iPhone OS 10_3_1 like Mac OS X) AppleWebKit/603.1.30 (KHTML, like Gecko) Version/10.0 Mobile/14E304 Safari/602.1"
::1 - - [01/Sep/2018:14:13:22 +0000] "GET /api/clients/[object%20Object]?resolve=true HTTP/1.1" 200 2 "http://localhost:8000/survey" "Mozilla/5.0 (iPhone; CPU iPhone OS 10_3_1 like Mac OS X) AppleWebKit/603.1.30 (KHTML, like Gecko) Version/10.0 Mobile/14E304 Safari/602.1"
::1 - - [01/Sep/2018:14:13:28 +0000] "GET /api/survey-categories HTTP/1.1" 200 653 "http://localhost:8000/survey/add" "Mozilla/5.0 (iPhone; CPU iPhone OS 10_3_1 like Mac OS X) AppleWebKit/603.1.30 (KHTML, like Gecko) Version/10.0 Mobile/14E304 Safari/602.1"
::1 - - [01/Sep/2018:14:13:46 +0000] "POST /api/surveys HTTP/1.1" 200 317 "http://localhost:8000/survey/add" "Mozilla/5.0 (iPhone; CPU iPhone OS 10_3_1 like Mac OS X) AppleWebKit/603.1.30 (KHTML, like Gecko) Version/10.0 Mobile/14E304 Safari/602.1"
::1 - - [01/Sep/2018:14:13:53 +0000] "GET /api/clients/[object%20Object]?resolve=true HTTP/1.1" 304 - "http://localhost:8000/survey" "Mozilla/5.0 (iPhone; CPU iPhone OS 10_3_1 like Mac OS X) AppleWebKit/603.1.30 (KHTML, like Gecko) Version/10.0 Mobile/14E304 Safari/602.1"
::1 - - [01/Sep/2018:14:13:58 +0000] "GET /survey HTTP/1.1" 200 4818 "-" "Mozilla/5.0 (iPhone; CPU iPhone OS 10_3_1 like Mac OS X) AppleWebKit/603.1.30 (KHTML, like Gecko) Version/10.0 Mobile/14E304 Safari/602.1"
::1 - - [01/Sep/2018:14:14:00 +0000] "GET /api/clients/[object%20Object]?resolve=true HTTP/1.1" 200 2 "http://localhost:8000/survey" "Mozilla/5.0 (iPhone; CPU iPhone OS 10_3_1 like Mac OS X) AppleWebKit/603.1.30 (KHTML, like Gecko) Version/10.0 Mobile/14E304 Safari/602.1"
::1 - - [01/Sep/2018:14:16:17 +0000] "GET /survey HTTP/1.1" 200 4818 "-" "Mozilla/5.0 (iPhone; CPU iPhone OS 10_3_1 like Mac OS X) AppleWebKit/603.1.30 (KHTML, like Gecko) Version/10.0 Mobile/14E304 Safari/602.1"
::1 - - [01/Sep/2018:14:16:19 +0000] "GET /api/clients/[object%20Object]?resolve=true HTTP/1.1" 200 2 "http://localhost:8000/survey" "Mozilla/5.0 (iPhone; CPU iPhone OS 10_3_1 like Mac OS X) AppleWebKit/603.1.30 (KHTML, like Gecko) Version/10.0 Mobile/14E304 Safari/602.1"
::1 - - [01/Sep/2018:14:16:22 +0000] "GET /api/survey-categories HTTP/1.1" 200 680 "http://localhost:8000/survey/add" "Mozilla/5.0 (iPhone; CPU iPhone OS 10_3_1 like Mac OS X) AppleWebKit/603.1.30 (KHTML, like Gecko) Version/10.0 Mobile/14E304 Safari/602.1"
::1 - - [01/Sep/2018:14:17:11 +0000] "GET /survey/5b8a9e9aa162db1d40a4f3b0 HTTP/1.1" 200 4818 "-" "Mozilla/5.0 (iPhone; CPU iPhone OS 10_3_1 like Mac OS X) AppleWebKit/603.1.30 (KHTML, like Gecko) Version/10.0 Mobile/14E304 Safari/602.1"
::1 - - [01/Sep/2018:21:52:34 +0000] "POST /api/clients/login HTTP/1.1" 200 407 "http://localhost:8000/login" "Mozilla/5.0 (iPhone; CPU iPhone OS 10_3_1 like Mac OS X) AppleWebKit/603.1.30 (KHTML, like Gecko) Version/10.0 Mobile/14E304 Safari/602.1"
::1 - - [01/Sep/2018:21:53:50 +0000] "GET /api/clients/[object%20Object]?resolve=true HTTP/1.1" 304 - "http://localhost:8000/survey" "Mozilla/5.0 (iPhone; CPU iPhone OS 10_3_1 like Mac OS X) AppleWebKit/603.1.30 (KHTML, like Gecko) Version/10.0 Mobile/14E304 Safari/602.1"
::1 - - [01/Sep/2018:21:53:55 +0000] "GET /api/survey-categories HTTP/1.1" 304 - "http://localhost:8000/survey/add" "Mozilla/5.0 (iPhone; CPU iPhone OS 10_3_1 like Mac OS X) AppleWebKit/603.1.30 (KHTML, like Gecko) Version/10.0 Mobile/14E304 Safari/602.1"
::1 - - [01/Sep/2018:22:38:02 +0000] "GET /survey/add HTTP/1.1" 200 4818 "-" "Mozilla/5.0 (iPhone; CPU iPhone OS 10_3_1 like Mac OS X) AppleWebKit/603.1.30 (KHTML, like Gecko) Version/10.0 Mobile/14E304 Safari/602.1"
::1 - - [01/Sep/2018:22:38:05 +0000] "GET /api/survey-categories HTTP/1.1" 200 680 "http://localhost:8000/survey/add" "Mozilla/5.0 (iPhone; CPU iPhone OS 10_3_1 like Mac OS X) AppleWebKit/603.1.30 (KHTML, like Gecko) Version/10.0 Mobile/14E304 Safari/602.1"
::1 - - [01/Sep/2018:22:39:09 +0000] "GET /dashboard HTTP/1.1" 200 4818 "-" "Mozilla/5.0 (iPhone; CPU iPhone OS 10_3_1 like Mac OS X) AppleWebKit/603.1.30 (KHTML, like Gecko) Version/10.0 Mobile/14E304 Safari/602.1"
::1 - - [01/Sep/2018:22:40:52 +0000] "GET /takeSurvey/5b89c9cb0a60bc0e847294f2 HTTP/1.1" 200 4818 "-" "Mozilla/5.0 (iPhone; CPU iPhone OS 10_3_1 like Mac OS X) AppleWebKit/603.1.30 (KHTML, like Gecko) Version/10.0 Mobile/14E304 Safari/602.1"
::1 - - [01/Sep/2018:22:41:49 +0000] "GET /takeSurvey/5b89c9cb0a60bc0e847294f2 HTTP/1.1" 200 4818 "-" "Mozilla/5.0 (iPhone; CPU iPhone OS 10_3_1 like Mac OS X) AppleWebKit/603.1.30 (KHTML, like Gecko) Version/10.0 Mobile/14E304 Safari/602.1"
::1 - - [02/Sep/2018:21:51:41 +0000] "POST /api/clients/login HTTP/1.1" 200 407 "http://localhost:8000/login" "Mozilla/5.0 (iPhone; CPU iPhone OS 10_3_1 like Mac OS X) AppleWebKit/603.1.30 (KHTML, like Gecko) Version/10.0 Mobile/14E304 Safari/602.1"
::1 - - [02/Sep/2018:21:52:02 +0000] "GET /takeSurvey/5b8a9e9aa162db1d40a4f3b0 HTTP/1.1" 200 4818 "-" "Mozilla/5.0 (iPhone; CPU iPhone OS 10_3_1 like Mac OS X) AppleWebKit/603.1.30 (KHTML, like Gecko) Version/10.0 Mobile/14E304 Safari/602.1"
::1 - - [02/Sep/2018:21:52:04 +0000] "GET /api/surveys/5b8a9e9aa162db1d40a4f3b0?resolve=true HTTP/1.1" 200 317 "http://localhost:8000/takeSurvey/5b8a9e9aa162db1d40a4f3b0" "Mozilla/5.0 (iPhone; CPU iPhone OS 10_3_1 like Mac OS X) AppleWebKit/603.1.30 (KHTML, like Gecko) Version/10.0 Mobile/14E304 Safari/602.1"
::1 - - [02/Sep/2018:21:54:35 +0000] "GET /takeSurvey/5b8a9e9aa162db1d40a4f3b0 HTTP/1.1" 200 4818 "-" "Mozilla/5.0 (iPhone; CPU iPhone OS 10_3_1 like Mac OS X) AppleWebKit/603.1.30 (KHTML, like Gecko) Version/10.0 Mobile/14E304 Safari/602.1"
::1 - - [02/Sep/2018:21:54:37 +0000] "GET /api/surveys/5b8a9e9aa162db1d40a4f3b0?resolve=true HTTP/1.1" 200 317 "http://localhost:8000/takeSurvey/5b8a9e9aa162db1d40a4f3b0" "Mozilla/5.0 (iPhone; CPU iPhone OS 10_3_1 like Mac OS X) AppleWebKit/603.1.30 (KHTML, like Gecko) Version/10.0 Mobile/14E304 Safari/602.1"
::1 - - [02/Sep/2018:21:58:46 +0000] "GET /takeSurvey/5b8a9e9aa162db1d40a4f3b0 HTTP/1.1" 200 4818 "-" "Mozilla/5.0 (iPhone; CPU iPhone OS 10_3_1 like Mac OS X) AppleWebKit/603.1.30 (KHTML, like Gecko) Version/10.0 Mobile/14E304 Safari/602.1"
::1 - - [02/Sep/2018:21:58:49 +0000] "GET /api/surveys/5b8a9e9aa162db1d40a4f3b0?resolve=true HTTP/1.1" 200 977 "http://localhost:8000/takeSurvey/5b8a9e9aa162db1d40a4f3b0" "Mozilla/5.0 (iPhone; CPU iPhone OS 10_3_1 like Mac OS X) AppleWebKit/603.1.30 (KHTML, like Gecko) Version/10.0 Mobile/14E304 Safari/602.1"
::1 - - [02/Sep/2018:22:11:49 +0000] "GET /takeSurvey/5b8a9e9aa162db1d40a4f3b0 HTTP/1.1" 200 4818 "-" "Mozilla/5.0 (iPhone; CPU iPhone OS 10_3_1 like Mac OS X) AppleWebKit/603.1.30 (KHTML, like Gecko) Version/10.0 Mobile/14E304 Safari/602.1"
::1 - - [02/Sep/2018:22:11:51 +0000] "GET /api/surveys/5b8a9e9aa162db1d40a4f3b0?resolve=true HTTP/1.1" 200 325 "http://localhost:8000/takeSurvey/5b8a9e9aa162db1d40a4f3b0" "Mozilla/5.0 (iPhone; CPU iPhone OS 10_3_1 like Mac OS X) AppleWebKit/603.1.30 (KHTML, like Gecko) Version/10.0 Mobile/14E304 Safari/602.1"
::1 - - [02/Sep/2018:22:12:16 +0000] "GET /takeSurvey/5b8a9e9aa162db1d40a4f3b0 HTTP/1.1" 200 4818 "-" "Mozilla/5.0 (iPhone; CPU iPhone OS 10_3_1 like Mac OS X) AppleWebKit/603.1.30 (KHTML, like Gecko) Version/10.0 Mobile/14E304 Safari/602.1"
::1 - - [02/Sep/2018:22:12:19 +0000] "GET /api/surveys/5b8a9e9aa162db1d40a4f3b0?resolve=true HTTP/1.1" 200 776 "http://localhost:8000/takeSurvey/5b8a9e9aa162db1d40a4f3b0" "Mozilla/5.0 (iPhone; CPU iPhone OS 10_3_1 like Mac OS X) AppleWebKit/603.1.30 (KHTML, like Gecko) Version/10.0 Mobile/14E304 Safari/602.1"
::1 - - [02/Sep/2018:22:13:16 +0000] "GET /takeSurvey/5b8a9e9aa162db1d40a4f3b0 HTTP/1.1" 200 4818 "-" "Mozilla/5.0 (iPhone; CPU iPhone OS 10_3_1 like Mac OS X) AppleWebKit/603.1.30 (KHTML, like Gecko) Version/10.0 Mobile/14E304 Safari/602.1"
::1 - - [02/Sep/2018:22:13:19 +0000] "GET /api/surveys/5b8a9e9aa162db1d40a4f3b0?resolve=true HTTP/1.1" 200 343 "http://localhost:8000/takeSurvey/5b8a9e9aa162db1d40a4f3b0" "Mozilla/5.0 (iPhone; CPU iPhone OS 10_3_1 like Mac OS X) AppleWebKit/603.1.30 (KHTML, like Gecko) Version/10.0 Mobile/14E304 Safari/602.1"
::1 - - [02/Sep/2018:22:36:14 +0000] "GET /takeSurvey/5b8a9e9aa162db1d40a4f3b0 HTTP/1.1" 200 4818 "-" "Mozilla/5.0 (iPhone; CPU iPhone OS 10_3_1 like Mac OS X) AppleWebKit/603.1.30 (KHTML, like Gecko) Version/10.0 Mobile/14E304 Safari/602.1"
::1 - - [02/Sep/2018:22:36:17 +0000] "GET /api/surveys/5b8a9e9aa162db1d40a4f3b0?resolve=true HTTP/1.1" 200 343 "http://localhost:8000/takeSurvey/5b8a9e9aa162db1d40a4f3b0" "Mozilla/5.0 (iPhone; CPU iPhone OS 10_3_1 like Mac OS X) AppleWebKit/603.1.30 (KHTML, like Gecko) Version/10.0 Mobile/14E304 Safari/602.1"
::1 - - [02/Sep/2018:22:36:48 +0000] "POST /api/clients/login HTTP/1.1" 200 407 "http://localhost:8000/login" "Mozilla/5.0 (iPhone; CPU iPhone OS 10_3_1 like Mac OS X) AppleWebKit/603.1.30 (KHTML, like Gecko) Version/10.0 Mobile/14E304 Safari/602.1"
::1 - - [02/Sep/2018:22:37:03 +0000] "GET /api/clients/[object%20Object]?resolve=true HTTP/1.1" 304 - "http://localhost:8000/survey" "Mozilla/5.0 (iPhone; CPU iPhone OS 10_3_1 like Mac OS X) AppleWebKit/603.1.30 (KHTML, like Gecko) Version/10.0 Mobile/14E304 Safari/602.1"
::1 - - [02/Sep/2018:22:37:12 +0000] "GET /takeSurvey/5b8a9e9aa162db1d40a4f3b0 HTTP/1.1" 200 4818 "-" "Mozilla/5.0 (iPhone; CPU iPhone OS 10_3_1 like Mac OS X) AppleWebKit/603.1.30 (KHTML, like Gecko) Version/10.0 Mobile/14E304 Safari/602.1"
::1 - - [02/Sep/2018:22:37:14 +0000] "GET /api/surveys/5b8a9e9aa162db1d40a4f3b0?resolve=true HTTP/1.1" 304 - "http://localhost:8000/takeSurvey/5b8a9e9aa162db1d40a4f3b0" "Mozilla/5.0 (iPhone; CPU iPhone OS 10_3_1 like Mac OS X) AppleWebKit/603.1.30 (KHTML, like Gecko) Version/10.0 Mobile/14E304 Safari/602.1"
::1 - - [02/Sep/2018:22:39:48 +0000] "GET /takeSurvey/5b8a9e9aa162db1d40a4f3b0 HTTP/1.1" 200 4818 "-" "Mozilla/5.0 (iPhone; CPU iPhone OS 10_3_1 like Mac OS X) AppleWebKit/603.1.30 (KHTML, like Gecko) Version/10.0 Mobile/14E304 Safari/602.1"
::1 - - [02/Sep/2018:22:39:50 +0000] "GET /api/surveys/5b8a9e9aa162db1d40a4f3b0?resolve=true HTTP/1.1" 200 343 "http://localhost:8000/takeSurvey/5b8a9e9aa162db1d40a4f3b0" "Mozilla/5.0 (iPhone; CPU iPhone OS 10_3_1 like Mac OS X) AppleWebKit/603.1.30 (KHTML, like Gecko) Version/10.0 Mobile/14E304 Safari/602.1"
::1 - - [02/Sep/2018:22:40:18 +0000] "GET /takeSurvey/5b8a9e9aa162db1d40a4f3b0 HTTP/1.1" 200 4818 "-" "Mozilla/5.0 (iPhone; CPU iPhone OS 10_3_1 like Mac OS X) AppleWebKit/603.1.30 (KHTML, like Gecko) Version/10.0 Mobile/14E304 Safari/602.1"
::1 - - [02/Sep/2018:22:40:20 +0000] "GET /api/surveys/5b8a9e9aa162db1d40a4f3b0?resolve=true HTTP/1.1" 200 343 "http://localhost:8000/takeSurvey/5b8a9e9aa162db1d40a4f3b0" "Mozilla/5.0 (iPhone; CPU iPhone OS 10_3_1 like Mac OS X) AppleWebKit/603.1.30 (KHTML, like Gecko) Version/10.0 Mobile/14E304 Safari/602.1"
::1 - - [02/Sep/2018:22:43:20 +0000] "GET /takeSurvey/5b8a9e9aa162db1d40a4f3b0 HTTP/1.1" 200 4818 "-" "Mozilla/5.0 (iPhone; CPU iPhone OS 10_3_1 like Mac OS X) AppleWebKit/603.1.30 (KHTML, like Gecko) Version/10.0 Mobile/14E304 Safari/602.1"
::1 - - [02/Sep/2018:22:43:23 +0000] "GET /api/surveys/5b8a9e9aa162db1d40a4f3b0?resolve=true HTTP/1.1" 200 343 "http://localhost:8000/takeSurvey/5b8a9e9aa162db1d40a4f3b0" "Mozilla/5.0 (iPhone; CPU iPhone OS 10_3_1 like Mac OS X) AppleWebKit/603.1.30 (KHTML, like Gecko) Version/10.0 Mobile/14E304 Safari/602.1"
::1 - - [02/Sep/2018:22:48:38 +0000] "GET /login HTTP/1.1" 200 4818 "-" "Mozilla/5.0 (iPhone; CPU iPhone OS 10_3_1 like Mac OS X) AppleWebKit/603.1.30 (KHTML, like Gecko) Version/10.0 Mobile/14E304 Safari/602.1"
::1 - - [02/Sep/2018:22:49:48 +0000] "POST /api/clients/login HTTP/1.1" 200 407 "http://localhost:8000/login" "Mozilla/5.0 (iPhone; CPU iPhone OS 10_3_1 like Mac OS X) AppleWebKit/603.1.30 (KHTML, like Gecko) Version/10.0 Mobile/14E304 Safari/602.1"
::1 - - [02/Sep/2018:22:49:53 +0000] "GET /api/clients/[object%20Object]?resolve=true HTTP/1.1" 304 - "http://localhost:8000/survey" "Mozilla/5.0 (iPhone; CPU iPhone OS 10_3_1 like Mac OS X) AppleWebKit/603.1.30 (KHTML, like Gecko) Version/10.0 Mobile/14E304 Safari/602.1"
::1 - - [02/Sep/2018:22:51:38 +0000] "GET /survey HTTP/1.1" 200 4818 "-" "Mozilla/5.0 (iPhone; CPU iPhone OS 10_3_1 like Mac OS X) AppleWebKit/603.1.30 (KHTML, like Gecko) Version/10.0 Mobile/14E304 Safari/602.1"
::1 - - [02/Sep/2018:22:51:40 +0000] "GET /api/clients/5b89c9cb0a60bc0e847294f2?resolve=true HTTP/1.1" 200 776 "http://localhost:8000/survey" "Mozilla/5.0 (iPhone; CPU iPhone OS 10_3_1 like Mac OS X) AppleWebKit/603.1.30 (KHTML, like Gecko) Version/10.0 Mobile/14E304 Safari/602.1"
::1 - - [02/Sep/2018:22:51:44 +0000] "GET /api/surveys/5b8a9e9aa162db1d40a4f3b0?resolve=true HTTP/1.1" 304 - "http://localhost:8000/takeSurvey/5b8a9e9aa162db1d40a4f3b0" "Mozilla/5.0 (iPhone; CPU iPhone OS 10_3_1 like Mac OS X) AppleWebKit/603.1.30 (KHTML, like Gecko) Version/10.0 Mobile/14E304 Safari/602.1"
::1 - - [02/Sep/2018:22:54:33 +0000] "GET /takeSurvey/5b8a9e9aa162db1d40a4f3b0 HTTP/1.1" 200 4818 "-" "Mozilla/5.0 (iPhone; CPU iPhone OS 10_3_1 like Mac OS X) AppleWebKit/603.1.30 (KHTML, like Gecko) Version/10.0 Mobile/14E304 Safari/602.1"
::1 - - [02/Sep/2018:22:54:35 +0000] "GET /api/surveys/5b8a9e9aa162db1d40a4f3b0?resolve=true HTTP/1.1" 200 343 "http://localhost:8000/takeSurvey/5b8a9e9aa162db1d40a4f3b0" "Mozilla/5.0 (iPhone; CPU iPhone OS 10_3_1 like Mac OS X) AppleWebKit/603.1.30 (KHTML, like Gecko) Version/10.0 Mobile/14E304 Safari/602.1"
::1 - - [02/Sep/2018:22:55:16 +0000] "GET /takeSurvey/5b8a9e9aa162db1d40a4f3b0 HTTP/1.1" 200 4818 "-" "Mozilla/5.0 (iPhone; CPU iPhone OS 10_3_1 like Mac OS X) AppleWebKit/603.1.30 (KHTML, like Gecko) Version/10.0 Mobile/14E304 Safari/602.1"
::1 - - [02/Sep/2018:22:55:18 +0000] "GET /api/surveys/5b8a9e9aa162db1d40a4f3b0?resolve=true HTTP/1.1" 200 343 "http://localhost:8000/takeSurvey/5b8a9e9aa162db1d40a4f3b0" "Mozilla/5.0 (iPhone; CPU iPhone OS 10_3_1 like Mac OS X) AppleWebKit/603.1.30 (KHTML, like Gecko) Version/10.0 Mobile/14E304 Safari/602.1"
::1 - - [02/Sep/2018:22:56:08 +0000] "GET /takeSurvey/5b8a9e9aa162db1d40a4f3b0 HTTP/1.1" 200 4818 "-" "Mozilla/5.0 (iPhone; CPU iPhone OS 10_3_1 like Mac OS X) AppleWebKit/603.1.30 (KHTML, like Gecko) Version/10.0 Mobile/14E304 Safari/602.1"
::1 - - [02/Sep/2018:22:56:10 +0000] "GET /api/surveys/5b8a9e9aa162db1d40a4f3b0?resolve=true HTTP/1.1" 200 343 "http://localhost:8000/takeSurvey/5b8a9e9aa162db1d40a4f3b0" "Mozilla/5.0 (iPhone; CPU iPhone OS 10_3_1 like Mac OS X) AppleWebKit/603.1.30 (KHTML, like Gecko) Version/10.0 Mobile/14E304 Safari/602.1"
::1 - - [02/Sep/2018:22:56:14 +0000] "GET /takeSurvey/5b8a9e9aa162db1d40a4f3b0 HTTP/1.1" 200 4818 "-" "Mozilla/5.0 (iPhone; CPU iPhone OS 10_3_1 like Mac OS X) AppleWebKit/603.1.30 (KHTML, like Gecko) Version/10.0 Mobile/14E304 Safari/602.1"
::1 - - [02/Sep/2018:22:56:16 +0000] "GET /api/surveys/5b8a9e9aa162db1d40a4f3b0?resolve=true HTTP/1.1" 200 343 "http://localhost:8000/takeSurvey/5b8a9e9aa162db1d40a4f3b0" "Mozilla/5.0 (iPhone; CPU iPhone OS 10_3_1 like Mac OS X) AppleWebKit/603.1.30 (KHTML, like Gecko) Version/10.0 Mobile/14E304 Safari/602.1"
::1 - - [02/Sep/2018:22:58:03 +0000] "GET /takeSurvey/5b8a9e9aa162db1d40a4f3b0 HTTP/1.1" 200 4818 "-" "Mozilla/5.0 (iPhone; CPU iPhone OS 10_3_1 like Mac OS X) AppleWebKit/603.1.30 (KHTML, like Gecko) Version/10.0 Mobile/14E304 Safari/602.1"
::1 - - [02/Sep/2018:22:58:06 +0000] "GET /api/surveys/5b8a9e9aa162db1d40a4f3b0?resolve=true HTTP/1.1" 200 343 "http://localhost:8000/takeSurvey/5b8a9e9aa162db1d40a4f3b0" "Mozilla/5.0 (iPhone; CPU iPhone OS 10_3_1 like Mac OS X) AppleWebKit/603.1.30 (KHTML, like Gecko) Version/10.0 Mobile/14E304 Safari/602.1"
::1 - - [02/Sep/2018:22:58:16 +0000] "GET /takeSurvey/5b8a9e9aa162db1d40a4f3b0 HTTP/1.1" 200 4818 "-" "Mozilla/5.0 (iPhone; CPU iPhone OS 10_3_1 like Mac OS X) AppleWebKit/603.1.30 (KHTML, like Gecko) Version/10.0 Mobile/14E304 Safari/602.1"
::1 - - [02/Sep/2018:22:58:18 +0000] "GET /api/surveys/5b8a9e9aa162db1d40a4f3b0?resolve=true HTTP/1.1" 200 343 "http://localhost:8000/takeSurvey/5b8a9e9aa162db1d40a4f3b0" "Mozilla/5.0 (iPhone; CPU iPhone OS 10_3_1 like Mac OS X) AppleWebKit/603.1.30 (KHTML, like Gecko) Version/10.0 Mobile/14E304 Safari/602.1"
::1 - - [02/Sep/2018:23:30:30 +0000] "GET /takeSurvey/5b8a9e9aa162db1d40a4f3b0 HTTP/1.1" 200 4818 "-" "Mozilla/5.0 (iPhone; CPU iPhone OS 10_3_1 like Mac OS X) AppleWebKit/603.1.30 (KHTML, like Gecko) Version/10.0 Mobile/14E304 Safari/602.1"
::1 - - [02/Sep/2018:23:31:00 +0000] "GET /takeSurvey/5b8a9e9aa162db1d40a4f3b0 HTTP/1.1" 200 4818 "-" "Mozilla/5.0 (iPhone; CPU iPhone OS 10_3_1 like Mac OS X) AppleWebKit/603.1.30 (KHTML, like Gecko) Version/10.0 Mobile/14E304 Safari/602.1"
::1 - - [02/Sep/2018:23:31:48 +0000] "GET /takeSurvey/5b8a9e9aa162db1d40a4f3b0 HTTP/1.1" 200 4818 "-" "Mozilla/5.0 (iPhone; CPU iPhone OS 10_3_1 like Mac OS X) AppleWebKit/603.1.30 (KHTML, like Gecko) Version/10.0 Mobile/14E304 Safari/602.1"
::1 - - [02/Sep/2018:23:31:50 +0000] "GET /api/surveys/5b8a9e9aa162db1d40a4f3b0?resolve=true HTTP/1.1" 200 343 "http://localhost:8000/takeSurvey/5b8a9e9aa162db1d40a4f3b0" "Mozilla/5.0 (iPhone; CPU iPhone OS 10_3_1 like Mac OS X) AppleWebKit/603.1.30 (KHTML, like Gecko) Version/10.0 Mobile/14E304 Safari/602.1"
::1 - - [02/Sep/2018:23:32:41 +0000] "GET /takeSurvey/5b8a9e9aa162db1d40a4f3b0 HTTP/1.1" 200 4818 "-" "Mozilla/5.0 (iPhone; CPU iPhone OS 10_3_1 like Mac OS X) AppleWebKit/603.1.30 (KHTML, like Gecko) Version/10.0 Mobile/14E304 Safari/602.1"
::1 - - [02/Sep/2018:23:32:43 +0000] "GET /api/surveys/5b8a9e9aa162db1d40a4f3b0?resolve=true HTTP/1.1" 200 343 "http://localhost:8000/takeSurvey/5b8a9e9aa162db1d40a4f3b0" "Mozilla/5.0 (iPhone; CPU iPhone OS 10_3_1 like Mac OS X) AppleWebKit/603.1.30 (KHTML, like Gecko) Version/10.0 Mobile/14E304 Safari/602.1"
::1 - - [02/Sep/2018:23:33:14 +0000] "GET /takeSurvey/5b8a9e9aa162db1d40a4f3b0 HTTP/1.1" 200 4818 "-" "Mozilla/5.0 (iPhone; CPU iPhone OS 10_3_1 like Mac OS X) AppleWebKit/603.1.30 (KHTML, like Gecko) Version/10.0 Mobile/14E304 Safari/602.1"
::1 - - [02/Sep/2018:23:33:16 +0000] "GET /api/surveys/5b8a9e9aa162db1d40a4f3b0?resolve=true HTTP/1.1" 200 343 "http://localhost:8000/takeSurvey/5b8a9e9aa162db1d40a4f3b0" "Mozilla/5.0 (iPhone; CPU iPhone OS 10_3_1 like Mac OS X) AppleWebKit/603.1.30 (KHTML, like Gecko) Version/10.0 Mobile/14E304 Safari/602.1"
::1 - - [03/Sep/2018:00:08:52 +0000] "GET / HTTP/1.1" 404 252 "-" "Mozilla/5.0 (Macintosh; Intel Mac OS X 10_13_6) AppleWebKit/537.36 (KHTML, like Gecko) Chrome/68.0.3440.106 Safari/537.36"
::1 - - [03/Sep/2018:00:08:52 +0000] "GET /favicon.ico HTTP/1.1" 404 252 "http://localhost:8000/" "Mozilla/5.0 (Macintosh; Intel Mac OS X 10_13_6) AppleWebKit/537.36 (KHTML, like Gecko) Chrome/68.0.3440.106 Safari/537.36"
::1 - - [03/Sep/2018:00:08:55 +0000] "GET / HTTP/1.1" 404 252 "-" "Mozilla/5.0 (Macintosh; Intel Mac OS X 10_13_6) AppleWebKit/537.36 (KHTML, like Gecko) Chrome/68.0.3440.106 Safari/537.36"
::1 - - [03/Sep/2018:00:08:55 +0000] "GET /favicon.ico HTTP/1.1" 404 252 "http://localhost:8000/" "Mozilla/5.0 (Macintosh; Intel Mac OS X 10_13_6) AppleWebKit/537.36 (KHTML, like Gecko) Chrome/68.0.3440.106 Safari/537.36"
::1 - - [03/Sep/2018:00:09:33 +0000] "POST /api/clients/login HTTP/1.1" 200 407 "http://localhost:8000/login" "Mozilla/5.0 (iPhone; CPU iPhone OS 10_3_1 like Mac OS X) AppleWebKit/603.1.30 (KHTML, like Gecko) Version/10.0 Mobile/14E304 Safari/602.1"
::1 - - [03/Sep/2018:00:09:39 +0000] "GET /api/clients/5b89c9cb0a60bc0e847294f2?resolve=true HTTP/1.1" 200 776 "http://localhost:8000/survey" "Mozilla/5.0 (iPhone; CPU iPhone OS 10_3_1 like Mac OS X) AppleWebKit/603.1.30 (KHTML, like Gecko) Version/10.0 Mobile/14E304 Safari/602.1"
::1 - - [03/Sep/2018:00:09:41 +0000] "GET /api/surveys/5b8a9e9aa162db1d40a4f3b0?resolve=true HTTP/1.1" 304 - "http://localhost:8000/takeSurvey/5b8a9e9aa162db1d40a4f3b0" "Mozilla/5.0 (iPhone; CPU iPhone OS 10_3_1 like Mac OS X) AppleWebKit/603.1.30 (KHTML, like Gecko) Version/10.0 Mobile/14E304 Safari/602.1"
::1 - - [03/Sep/2018:00:10:03 +0000] "GET /takeSurvey/5b8a9e9aa162db1d40a4f3b0 HTTP/1.1" 200 4818 "-" "Mozilla/5.0 (iPhone; CPU iPhone OS 10_3_1 like Mac OS X) AppleWebKit/603.1.30 (KHTML, like Gecko) Version/10.0 Mobile/14E304 Safari/602.1"
::1 - - [03/Sep/2018:00:10:06 +0000] "GET /api/surveys/5b8a9e9aa162db1d40a4f3b0?resolve=true HTTP/1.1" 200 343 "http://localhost:8000/takeSurvey/5b8a9e9aa162db1d40a4f3b0" "Mozilla/5.0 (iPhone; CPU iPhone OS 10_3_1 like Mac OS X) AppleWebKit/603.1.30 (KHTML, like Gecko) Version/10.0 Mobile/14E304 Safari/602.1"
::1 - - [03/Sep/2018:00:10:34 +0000] "GET /takeSurvey/5b8a9e9aa162db1d40a4f3b0 HTTP/1.1" 200 4818 "-" "Mozilla/5.0 (Macintosh; Intel Mac OS X 10_13_6) AppleWebKit/537.36 (KHTML, like Gecko) Chrome/68.0.3440.106 Safari/537.36"
::1 - - [03/Sep/2018:00:10:36 +0000] "GET /api/surveys/5b8a9e9aa162db1d40a4f3b0?resolve=true HTTP/1.1" 304 - "http://localhost:8000/takeSurvey/5b8a9e9aa162db1d40a4f3b0" "Mozilla/5.0 (Macintosh; Intel Mac OS X 10_13_6) AppleWebKit/537.36 (KHTML, like Gecko) Chrome/68.0.3440.106 Safari/537.36"
::1 - - [03/Sep/2018:00:10:42 +0000] "GET /takeSurvey/5b8a9e9aa162db1d40a4f3b0 HTTP/1.1" 200 4818 "-" "Mozilla/5.0 (iPhone; CPU iPhone OS 10_3_1 like Mac OS X) AppleWebKit/603.1.30 (KHTML, like Gecko) Version/10.0 Mobile/14E304 Safari/602.1"
::1 - - [03/Sep/2018:00:10:44 +0000] "GET /api/surveys/5b8a9e9aa162db1d40a4f3b0?resolve=true HTTP/1.1" 200 343 "http://localhost:8000/takeSurvey/5b8a9e9aa162db1d40a4f3b0" "Mozilla/5.0 (iPhone; CPU iPhone OS 10_3_1 like Mac OS X) AppleWebKit/603.1.30 (KHTML, like Gecko) Version/10.0 Mobile/14E304 Safari/602.1"
::1 - - [03/Sep/2018:00:11:27 +0000] "GET /takeSurvey/5b8a9e9aa162db1d40a4f3b0 HTTP/1.1" 200 4818 "-" "Mozilla/5.0 (iPhone; CPU iPhone OS 10_3_1 like Mac OS X) AppleWebKit/603.1.30 (KHTML, like Gecko) Version/10.0 Mobile/14E304 Safari/602.1"
::1 - - [03/Sep/2018:00:11:30 +0000] "GET /api/surveys/5b8a9e9aa162db1d40a4f3b0?resolve=true HTTP/1.1" 200 343 "http://localhost:8000/takeSurvey/5b8a9e9aa162db1d40a4f3b0" "Mozilla/5.0 (iPhone; CPU iPhone OS 10_3_1 like Mac OS X) AppleWebKit/603.1.30 (KHTML, like Gecko) Version/10.0 Mobile/14E304 Safari/602.1"
::1 - - [03/Sep/2018:00:13:31 +0000] "GET /takeSurvey/5b8a9e9aa162db1d40a4f3b0 HTTP/1.1" 200 4818 "-" "Mozilla/5.0 (iPhone; CPU iPhone OS 10_3_1 like Mac OS X) AppleWebKit/603.1.30 (KHTML, like Gecko) Version/10.0 Mobile/14E304 Safari/602.1"
::1 - - [03/Sep/2018:00:13:33 +0000] "GET /api/surveys/5b8a9e9aa162db1d40a4f3b0?resolve=true HTTP/1.1" 200 343 "http://localhost:8000/takeSurvey/5b8a9e9aa162db1d40a4f3b0" "Mozilla/5.0 (iPhone; CPU iPhone OS 10_3_1 like Mac OS X) AppleWebKit/603.1.30 (KHTML, like Gecko) Version/10.0 Mobile/14E304 Safari/602.1"
::1 - - [03/Sep/2018:00:13:40 +0000] "GET /takeSurvey/5b8a9e9aa162db1d40a4f3b0 HTTP/1.1" 200 4818 "-" "Mozilla/5.0 (iPhone; CPU iPhone OS 10_3_1 like Mac OS X) AppleWebKit/603.1.30 (KHTML, like Gecko) Version/10.0 Mobile/14E304 Safari/602.1"
::1 - - [03/Sep/2018:00:13:42 +0000] "GET /api/surveys/5b8a9e9aa162db1d40a4f3b0?resolve=true HTTP/1.1" 200 343 "http://localhost:8000/takeSurvey/5b8a9e9aa162db1d40a4f3b0" "Mozilla/5.0 (iPhone; CPU iPhone OS 10_3_1 like Mac OS X) AppleWebKit/603.1.30 (KHTML, like Gecko) Version/10.0 Mobile/14E304 Safari/602.1"
::1 - - [03/Sep/2018:00:15:07 +0000] "GET /takeSurvey/5b8a9e9aa162db1d40a4f3b0 HTTP/1.1" 200 4818 "-" "Mozilla/5.0 (iPhone; CPU iPhone OS 10_3_1 like Mac OS X) AppleWebKit/603.1.30 (KHTML, like Gecko) Version/10.0 Mobile/14E304 Safari/602.1"
::1 - - [03/Sep/2018:00:15:09 +0000] "GET /api/surveys/5b8a9e9aa162db1d40a4f3b0?resolve=true HTTP/1.1" 200 343 "http://localhost:8000/takeSurvey/5b8a9e9aa162db1d40a4f3b0" "Mozilla/5.0 (iPhone; CPU iPhone OS 10_3_1 like Mac OS X) AppleWebKit/603.1.30 (KHTML, like Gecko) Version/10.0 Mobile/14E304 Safari/602.1"
::1 - - [03/Sep/2018:00:26:43 +0000] "GET /takeSurvey/5b8a9e9aa162db1d40a4f3b0 HTTP/1.1" 200 4818 "-" "Mozilla/5.0 (iPhone; CPU iPhone OS 10_3_1 like Mac OS X) AppleWebKit/603.1.30 (KHTML, like Gecko) Version/10.0 Mobile/14E304 Safari/602.1"
::1 - - [03/Sep/2018:00:26:45 +0000] "GET /api/surveys/5b8a9e9aa162db1d40a4f3b0?resolve=true HTTP/1.1" 200 343 "http://localhost:8000/takeSurvey/5b8a9e9aa162db1d40a4f3b0" "Mozilla/5.0 (iPhone; CPU iPhone OS 10_3_1 like Mac OS X) AppleWebKit/603.1.30 (KHTML, like Gecko) Version/10.0 Mobile/14E304 Safari/602.1"
::1 - - [03/Sep/2018:00:27:57 +0000] "GET /takeSurvey/5b8a9e9aa162db1d40a4f3b0 HTTP/1.1" 200 4818 "-" "Mozilla/5.0 (iPhone; CPU iPhone OS 10_3_1 like Mac OS X) AppleWebKit/603.1.30 (KHTML, like Gecko) Version/10.0 Mobile/14E304 Safari/602.1"
::1 - - [03/Sep/2018:00:27:59 +0000] "GET /api/surveys/5b8a9e9aa162db1d40a4f3b0?resolve=true HTTP/1.1" 200 343 "http://localhost:8000/takeSurvey/5b8a9e9aa162db1d40a4f3b0" "Mozilla/5.0 (iPhone; CPU iPhone OS 10_3_1 like Mac OS X) AppleWebKit/603.1.30 (KHTML, like Gecko) Version/10.0 Mobile/14E304 Safari/602.1"
::1 - - [03/Sep/2018:00:36:25 +0000] "POST /api/clients/login HTTP/1.1" 200 407 "http://localhost:8000/login" "Mozilla/5.0 (iPhone; CPU iPhone OS 10_3_1 like Mac OS X) AppleWebKit/603.1.30 (KHTML, like Gecko) Version/10.0 Mobile/14E304 Safari/602.1"
::1 - - [03/Sep/2018:00:37:11 +0000] "GET /api/clients/5b89c9cb0a60bc0e847294f2?resolve=true HTTP/1.1" 200 776 "http://localhost:8000/survey" "Mozilla/5.0 (iPhone; CPU iPhone OS 10_3_1 like Mac OS X) AppleWebKit/603.1.30 (KHTML, like Gecko) Version/10.0 Mobile/14E304 Safari/602.1"
::1 - - [03/Sep/2018:00:45:21 +0000] "GET /survey HTTP/1.1" 200 4818 "-" "Mozilla/5.0 (iPhone; CPU iPhone OS 10_3_1 like Mac OS X) AppleWebKit/603.1.30 (KHTML, like Gecko) Version/10.0 Mobile/14E304 Safari/602.1"
::1 - - [03/Sep/2018:00:45:48 +0000] "GET /survey HTTP/1.1" 200 4818 "-" "Mozilla/5.0 (iPhone; CPU iPhone OS 10_3_1 like Mac OS X) AppleWebKit/603.1.30 (KHTML, like Gecko) Version/10.0 Mobile/14E304 Safari/602.1"
::1 - - [03/Sep/2018:00:46:32 +0000] "GET /survey HTTP/1.1" 200 4818 "-" "Mozilla/5.0 (iPhone; CPU iPhone OS 10_3_1 like Mac OS X) AppleWebKit/603.1.30 (KHTML, like Gecko) Version/10.0 Mobile/14E304 Safari/602.1"
::1 - - [03/Sep/2018:00:46:34 +0000] "GET /api/clients/5b89c9cb0a60bc0e847294f2?resolve=true HTTP/1.1" 200 776 "http://localhost:8000/survey" "Mozilla/5.0 (iPhone; CPU iPhone OS 10_3_1 like Mac OS X) AppleWebKit/603.1.30 (KHTML, like Gecko) Version/10.0 Mobile/14E304 Safari/602.1"
::1 - - [03/Sep/2018:00:46:39 +0000] "GET /api/surveys/5b8a9e9aa162db1d40a4f3b0?resolve=true HTTP/1.1" 304 - "http://localhost:8000/survey/edit/5b8a9e9aa162db1d40a4f3b0" "Mozilla/5.0 (iPhone; CPU iPhone OS 10_3_1 like Mac OS X) AppleWebKit/603.1.30 (KHTML, like Gecko) Version/10.0 Mobile/14E304 Safari/602.1"
::1 - - [03/Sep/2018:00:46:51 +0000] "GET /survey/edit/5b8a9e9aa162db1d40a4f3b0 HTTP/1.1" 200 4818 "-" "Mozilla/5.0 (iPhone; CPU iPhone OS 10_3_1 like Mac OS X) AppleWebKit/603.1.30 (KHTML, like Gecko) Version/10.0 Mobile/14E304 Safari/602.1"
::1 - - [03/Sep/2018:00:46:54 +0000] "GET /api/surveys/5b8a9e9aa162db1d40a4f3b0?resolve=true HTTP/1.1" 200 343 "http://localhost:8000/survey/edit/5b8a9e9aa162db1d40a4f3b0" "Mozilla/5.0 (iPhone; CPU iPhone OS 10_3_1 like Mac OS X) AppleWebKit/603.1.30 (KHTML, like Gecko) Version/10.0 Mobile/14E304 Safari/602.1"
::1 - - [03/Sep/2018:00:47:29 +0000] "GET /survey/edit/5b8a9e9aa162db1d40a4f3b0 HTTP/1.1" 200 4818 "-" "Mozilla/5.0 (iPhone; CPU iPhone OS 10_3_1 like Mac OS X) AppleWebKit/603.1.30 (KHTML, like Gecko) Version/10.0 Mobile/14E304 Safari/602.1"
::1 - - [03/Sep/2018:00:48:22 +0000] "GET /survey/edit/5b8a9e9aa162db1d40a4f3b0 HTTP/1.1" 200 4818 "-" "Mozilla/5.0 (iPhone; CPU iPhone OS 10_3_1 like Mac OS X) AppleWebKit/603.1.30 (KHTML, like Gecko) Version/10.0 Mobile/14E304 Safari/602.1"
::1 - - [03/Sep/2018:00:48:24 +0000] "GET /api/surveys/5b8a9e9aa162db1d40a4f3b0?resolve=true HTTP/1.1" 200 343 "http://localhost:8000/survey/edit/5b8a9e9aa162db1d40a4f3b0" "Mozilla/5.0 (iPhone; CPU iPhone OS 10_3_1 like Mac OS X) AppleWebKit/603.1.30 (KHTML, like Gecko) Version/10.0 Mobile/14E304 Safari/602.1"
::1 - - [03/Sep/2018:00:48:28 +0000] "DELETE /api/clients HTTP/1.1" 200 15 "http://localhost:8000/survey/edit/5b8a9e9aa162db1d40a4f3b0" "Mozilla/5.0 (iPhone; CPU iPhone OS 10_3_1 like Mac OS X) AppleWebKit/603.1.30 (KHTML, like Gecko) Version/10.0 Mobile/14E304 Safari/602.1"
::1 - - [03/Sep/2018:00:48:55 +0000] "POST /api/clients/login HTTP/1.1" 200 407 "http://localhost:8000/login" "Mozilla/5.0 (iPhone; CPU iPhone OS 10_3_1 like Mac OS X) AppleWebKit/603.1.30 (KHTML, like Gecko) Version/10.0 Mobile/14E304 Safari/602.1"
::1 - - [03/Sep/2018:00:48:57 +0000] "GET /api/clients/5b89c9cb0a60bc0e847294f2?resolve=true HTTP/1.1" 200 776 "http://localhost:8000/survey" "Mozilla/5.0 (iPhone; CPU iPhone OS 10_3_1 like Mac OS X) AppleWebKit/603.1.30 (KHTML, like Gecko) Version/10.0 Mobile/14E304 Safari/602.1"
::1 - - [03/Sep/2018:00:49:00 +0000] "GET /api/surveys/5b8a9e9aa162db1d40a4f3b0?resolve=true HTTP/1.1" 304 - "http://localhost:8000/survey/edit/5b8a9e9aa162db1d40a4f3b0" "Mozilla/5.0 (iPhone; CPU iPhone OS 10_3_1 like Mac OS X) AppleWebKit/603.1.30 (KHTML, like Gecko) Version/10.0 Mobile/14E304 Safari/602.1"
::1 - - [03/Sep/2018:00:50:29 +0000] "GET /survey/edit/5b8a9e9aa162db1d40a4f3b0 HTTP/1.1" 200 4818 "-" "Mozilla/5.0 (iPhone; CPU iPhone OS 10_3_1 like Mac OS X) AppleWebKit/603.1.30 (KHTML, like Gecko) Version/10.0 Mobile/14E304 Safari/602.1"
::1 - - [03/Sep/2018:00:50:31 +0000] "GET /api/surveys/5b8a9e9aa162db1d40a4f3b0?resolve=true HTTP/1.1" 200 343 "http://localhost:8000/survey/edit/5b8a9e9aa162db1d40a4f3b0" "Mozilla/5.0 (iPhone; CPU iPhone OS 10_3_1 like Mac OS X) AppleWebKit/603.1.30 (KHTML, like Gecko) Version/10.0 Mobile/14E304 Safari/602.1"
::1 - - [03/Sep/2018:00:51:13 +0000] "GET /survey/edit/5b8a9e9aa162db1d40a4f3b0 HTTP/1.1" 200 4818 "-" "Mozilla/5.0 (iPhone; CPU iPhone OS 10_3_1 like Mac OS X) AppleWebKit/603.1.30 (KHTML, like Gecko) Version/10.0 Mobile/14E304 Safari/602.1"
::1 - - [03/Sep/2018:00:51:15 +0000] "GET /api/surveys/5b8a9e9aa162db1d40a4f3b0?resolve=true HTTP/1.1" 200 343 "http://localhost:8000/survey/edit/5b8a9e9aa162db1d40a4f3b0" "Mozilla/5.0 (iPhone; CPU iPhone OS 10_3_1 like Mac OS X) AppleWebKit/603.1.30 (KHTML, like Gecko) Version/10.0 Mobile/14E304 Safari/602.1"
::1 - - [03/Sep/2018:00:51:35 +0000] "GET /survey/edit/5b8a9e9aa162db1d40a4f3b0 HTTP/1.1" 200 4818 "-" "Mozilla/5.0 (iPhone; CPU iPhone OS 10_3_1 like Mac OS X) AppleWebKit/603.1.30 (KHTML, like Gecko) Version/10.0 Mobile/14E304 Safari/602.1"
::1 - - [03/Sep/2018:00:51:53 +0000] "GET /survey/edit/5b8a9e9aa162db1d40a4f3b0 HTTP/1.1" 200 4818 "-" "Mozilla/5.0 (iPhone; CPU iPhone OS 10_3_1 like Mac OS X) AppleWebKit/603.1.30 (KHTML, like Gecko) Version/10.0 Mobile/14E304 Safari/602.1"
::1 - - [03/Sep/2018:00:51:55 +0000] "GET /api/surveys/5b8a9e9aa162db1d40a4f3b0?resolve=true HTTP/1.1" 200 343 "http://localhost:8000/survey/edit/5b8a9e9aa162db1d40a4f3b0" "Mozilla/5.0 (iPhone; CPU iPhone OS 10_3_1 like Mac OS X) AppleWebKit/603.1.30 (KHTML, like Gecko) Version/10.0 Mobile/14E304 Safari/602.1"
::1 - - [03/Sep/2018:00:52:28 +0000] "GET /survey/edit/5b8a9e9aa162db1d40a4f3b0 HTTP/1.1" 200 4818 "-" "Mozilla/5.0 (iPhone; CPU iPhone OS 10_3_1 like Mac OS X) AppleWebKit/603.1.30 (KHTML, like Gecko) Version/10.0 Mobile/14E304 Safari/602.1"
::1 - - [03/Sep/2018:00:52:30 +0000] "GET /api/surveys/5b8a9e9aa162db1d40a4f3b0?resolve=true HTTP/1.1" 200 343 "http://localhost:8000/survey/edit/5b8a9e9aa162db1d40a4f3b0" "Mozilla/5.0 (iPhone; CPU iPhone OS 10_3_1 like Mac OS X) AppleWebKit/603.1.30 (KHTML, like Gecko) Version/10.0 Mobile/14E304 Safari/602.1"
::1 - - [03/Sep/2018:00:53:12 +0000] "GET /survey/edit/5b8a9e9aa162db1d40a4f3b0 HTTP/1.1" 200 4818 "-" "Mozilla/5.0 (iPhone; CPU iPhone OS 10_3_1 like Mac OS X) AppleWebKit/603.1.30 (KHTML, like Gecko) Version/10.0 Mobile/14E304 Safari/602.1"
::1 - - [03/Sep/2018:00:53:14 +0000] "GET /api/surveys/5b8a9e9aa162db1d40a4f3b0?resolve=true HTTP/1.1" 200 343 "http://localhost:8000/survey/edit/5b8a9e9aa162db1d40a4f3b0" "Mozilla/5.0 (iPhone; CPU iPhone OS 10_3_1 like Mac OS X) AppleWebKit/603.1.30 (KHTML, like Gecko) Version/10.0 Mobile/14E304 Safari/602.1"
::1 - - [03/Sep/2018:00:53:25 +0000] "GET /survey/edit/5b8a9e9aa162db1d40a4f3b0?name=This+is+a+testing+survey&question=Test+Question+1 HTTP/1.1" 200 4818 "http://localhost:8000/survey/edit/5b8a9e9aa162db1d40a4f3b0" "Mozilla/5.0 (iPhone; CPU iPhone OS 10_3_1 like Mac OS X) AppleWebKit/603.1.30 (KHTML, like Gecko) Version/10.0 Mobile/14E304 Safari/602.1"
::1 - - [03/Sep/2018:00:53:27 +0000] "GET /api/surveys/5b8a9e9aa162db1d40a4f3b0?resolve=true HTTP/1.1" 304 - "http://localhost:8000/survey/edit/5b8a9e9aa162db1d40a4f3b0?name=This%20is%20a%20testing%20survey&question=Test%20Question%201" "Mozilla/5.0 (iPhone; CPU iPhone OS 10_3_1 like Mac OS X) AppleWebKit/603.1.30 (KHTML, like Gecko) Version/10.0 Mobile/14E304 Safari/602.1"
::1 - - [03/Sep/2018:00:55:06 +0000] "GET /survey/edit/5b8a9e9aa162db1d40a4f3b0?name=This%20is%20a%20testing%20survey&question=Test%20Question%201 HTTP/1.1" 200 4818 "http://localhost:8000/survey/edit/5b8a9e9aa162db1d40a4f3b0" "Mozilla/5.0 (iPhone; CPU iPhone OS 10_3_1 like Mac OS X) AppleWebKit/603.1.30 (KHTML, like Gecko) Version/10.0 Mobile/14E304 Safari/602.1"
::1 - - [03/Sep/2018:00:55:09 +0000] "GET /api/surveys/5b8a9e9aa162db1d40a4f3b0?resolve=true HTTP/1.1" 200 343 "http://localhost:8000/survey/edit/5b8a9e9aa162db1d40a4f3b0?name=This%20is%20a%20testing%20survey&question=Test%20Question%201" "Mozilla/5.0 (iPhone; CPU iPhone OS 10_3_1 like Mac OS X) AppleWebKit/603.1.30 (KHTML, like Gecko) Version/10.0 Mobile/14E304 Safari/602.1"
::1 - - [03/Sep/2018:00:55:12 +0000] "GET /survey/edit/5b8a9e9aa162db1d40a4f3b0?name=This%20is%20a%20testing%20survey&question=Test%20Question%201 HTTP/1.1" 200 4818 "http://localhost:8000/survey/edit/5b8a9e9aa162db1d40a4f3b0" "Mozilla/5.0 (iPhone; CPU iPhone OS 10_3_1 like Mac OS X) AppleWebKit/603.1.30 (KHTML, like Gecko) Version/10.0 Mobile/14E304 Safari/602.1"
::1 - - [03/Sep/2018:00:55:14 +0000] "GET /api/surveys/5b8a9e9aa162db1d40a4f3b0?resolve=true HTTP/1.1" 200 343 "http://localhost:8000/survey/edit/5b8a9e9aa162db1d40a4f3b0?name=This%20is%20a%20testing%20survey&question=Test%20Question%201" "Mozilla/5.0 (iPhone; CPU iPhone OS 10_3_1 like Mac OS X) AppleWebKit/603.1.30 (KHTML, like Gecko) Version/10.0 Mobile/14E304 Safari/602.1"
::1 - - [03/Sep/2018:00:55:17 +0000] "GET /survey/edit/5b8a9e9aa162db1d40a4f3b0 HTTP/1.1" 200 4818 "-" "Mozilla/5.0 (iPhone; CPU iPhone OS 10_3_1 like Mac OS X) AppleWebKit/603.1.30 (KHTML, like Gecko) Version/10.0 Mobile/14E304 Safari/602.1"
::1 - - [03/Sep/2018:00:55:19 +0000] "GET /api/surveys/5b8a9e9aa162db1d40a4f3b0?resolve=true HTTP/1.1" 304 - "http://localhost:8000/survey/edit/5b8a9e9aa162db1d40a4f3b0" "Mozilla/5.0 (iPhone; CPU iPhone OS 10_3_1 like Mac OS X) AppleWebKit/603.1.30 (KHTML, like Gecko) Version/10.0 Mobile/14E304 Safari/602.1"
::1 - - [03/Sep/2018:00:55:28 +0000] "GET /survey/edit/5b8a9e9aa162db1d40a4f3b0?name=This+is+a+testing+survey&question=Test+Question+1 HTTP/1.1" 200 4818 "http://localhost:8000/survey/edit/5b8a9e9aa162db1d40a4f3b0" "Mozilla/5.0 (iPhone; CPU iPhone OS 10_3_1 like Mac OS X) AppleWebKit/603.1.30 (KHTML, like Gecko) Version/10.0 Mobile/14E304 Safari/602.1"
::1 - - [03/Sep/2018:00:55:31 +0000] "GET /api/surveys/5b8a9e9aa162db1d40a4f3b0?resolve=true HTTP/1.1" 304 - "http://localhost:8000/survey/edit/5b8a9e9aa162db1d40a4f3b0?name=This%20is%20a%20testing%20survey&question=Test%20Question%201" "Mozilla/5.0 (iPhone; CPU iPhone OS 10_3_1 like Mac OS X) AppleWebKit/603.1.30 (KHTML, like Gecko) Version/10.0 Mobile/14E304 Safari/602.1"
::1 - - [03/Sep/2018:01:06:26 +0000] "GET /survey/edit/5b8a9e9aa162db1d40a4f3b0?name=This%20is%20a%20testing%20survey&question=Test%20Question%201 HTTP/1.1" 200 4818 "http://localhost:8000/survey/edit/5b8a9e9aa162db1d40a4f3b0" "Mozilla/5.0 (iPhone; CPU iPhone OS 10_3_1 like Mac OS X) AppleWebKit/603.1.30 (KHTML, like Gecko) Version/10.0 Mobile/14E304 Safari/602.1"
::1 - - [03/Sep/2018:01:06:29 +0000] "GET /api/surveys/5b8a9e9aa162db1d40a4f3b0?resolve=true HTTP/1.1" 200 343 "http://localhost:8000/survey/edit/5b8a9e9aa162db1d40a4f3b0?name=This%20is%20a%20testing%20survey&question=Test%20Question%201" "Mozilla/5.0 (iPhone; CPU iPhone OS 10_3_1 like Mac OS X) AppleWebKit/603.1.30 (KHTML, like Gecko) Version/10.0 Mobile/14E304 Safari/602.1"
::1 - - [03/Sep/2018:01:06:40 +0000] "GET /survey/edit/5b8a9e9aa162db1d40a4f3b0?name=This+is+a+testing+survey&question=Test+Question+1 HTTP/1.1" 200 4818 "http://localhost:8000/survey/edit/5b8a9e9aa162db1d40a4f3b0?name=This%20is%20a%20testing%20survey&question=Test%20Question%201" "Mozilla/5.0 (iPhone; CPU iPhone OS 10_3_1 like Mac OS X) AppleWebKit/603.1.30 (KHTML, like Gecko) Version/10.0 Mobile/14E304 Safari/602.1"
::1 - - [03/Sep/2018:01:06:42 +0000] "GET /api/surveys/5b8a9e9aa162db1d40a4f3b0?resolve=true HTTP/1.1" 304 - "http://localhost:8000/survey/edit/5b8a9e9aa162db1d40a4f3b0?name=This%20is%20a%20testing%20survey&question=Test%20Question%201" "Mozilla/5.0 (iPhone; CPU iPhone OS 10_3_1 like Mac OS X) AppleWebKit/603.1.30 (KHTML, like Gecko) Version/10.0 Mobile/14E304 Safari/602.1"
::1 - - [03/Sep/2018:01:11:39 +0000] "GET /survey/edit/5b8a9e9aa162db1d40a4f3b0?name=This%20is%20a%20testing%20survey&question=Test%20Question%201 HTTP/1.1" 200 4818 "http://localhost:8000/survey/edit/5b8a9e9aa162db1d40a4f3b0?name=This%20is%20a%20testing%20survey&question=Test%20Question%201" "Mozilla/5.0 (iPhone; CPU iPhone OS 10_3_1 like Mac OS X) AppleWebKit/603.1.30 (KHTML, like Gecko) Version/10.0 Mobile/14E304 Safari/602.1"
::1 - - [03/Sep/2018:01:11:42 +0000] "GET /api/surveys/5b8a9e9aa162db1d40a4f3b0?resolve=true HTTP/1.1" 200 343 "http://localhost:8000/survey/edit/5b8a9e9aa162db1d40a4f3b0?name=This%20is%20a%20testing%20survey&question=Test%20Question%201" "Mozilla/5.0 (iPhone; CPU iPhone OS 10_3_1 like Mac OS X) AppleWebKit/603.1.30 (KHTML, like Gecko) Version/10.0 Mobile/14E304 Safari/602.1"
::1 - - [03/Sep/2018:01:13:35 +0000] "GET /survey/edit/5b8a9e9aa162db1d40a4f3b0?name=This%20is%20a%20testing%20survey&question=Test%20Question%201 HTTP/1.1" 200 4818 "http://localhost:8000/survey/edit/5b8a9e9aa162db1d40a4f3b0?name=This%20is%20a%20testing%20survey&question=Test%20Question%201" "Mozilla/5.0 (iPhone; CPU iPhone OS 10_3_1 like Mac OS X) AppleWebKit/603.1.30 (KHTML, like Gecko) Version/10.0 Mobile/14E304 Safari/602.1"
::1 - - [03/Sep/2018:01:13:38 +0000] "GET /api/surveys/5b8a9e9aa162db1d40a4f3b0?resolve=true HTTP/1.1" 200 343 "http://localhost:8000/survey/edit/5b8a9e9aa162db1d40a4f3b0?name=This%20is%20a%20testing%20survey&question=Test%20Question%201" "Mozilla/5.0 (iPhone; CPU iPhone OS 10_3_1 like Mac OS X) AppleWebKit/603.1.30 (KHTML, like Gecko) Version/10.0 Mobile/14E304 Safari/602.1"
::1 - - [03/Sep/2018:01:13:45 +0000] "GET /survey/edit/5b8a9e9aa162db1d40a4f3b0?name=This+is+a+testing+survey&question=Test+Question+1 HTTP/1.1" 200 4818 "http://localhost:8000/survey/edit/5b8a9e9aa162db1d40a4f3b0?name=This%20is%20a%20testing%20survey&question=Test%20Question%201" "Mozilla/5.0 (iPhone; CPU iPhone OS 10_3_1 like Mac OS X) AppleWebKit/603.1.30 (KHTML, like Gecko) Version/10.0 Mobile/14E304 Safari/602.1"
::1 - - [03/Sep/2018:01:13:48 +0000] "GET /api/surveys/5b8a9e9aa162db1d40a4f3b0?resolve=true HTTP/1.1" 304 - "http://localhost:8000/survey/edit/5b8a9e9aa162db1d40a4f3b0?name=This%20is%20a%20testing%20survey&question=Test%20Question%201" "Mozilla/5.0 (iPhone; CPU iPhone OS 10_3_1 like Mac OS X) AppleWebKit/603.1.30 (KHTML, like Gecko) Version/10.0 Mobile/14E304 Safari/602.1"
::1 - - [03/Sep/2018:01:18:12 +0000] "POST /api/clients/login HTTP/1.1" 200 407 "http://localhost:8000/login" "Mozilla/5.0 (iPhone; CPU iPhone OS 10_3_1 like Mac OS X) AppleWebKit/603.1.30 (KHTML, like Gecko) Version/10.0 Mobile/14E304 Safari/602.1"
::1 - - [03/Sep/2018:01:19:49 +0000] "GET /api/clients/5b89c9cb0a60bc0e847294f2?resolve=true HTTP/1.1" 200 776 "http://localhost:8000/survey" "Mozilla/5.0 (iPhone; CPU iPhone OS 10_3_1 like Mac OS X) AppleWebKit/603.1.30 (KHTML, like Gecko) Version/10.0 Mobile/14E304 Safari/602.1"
::1 - - [03/Sep/2018:01:19:53 +0000] "GET /api/surveys/5b8a9e9aa162db1d40a4f3b0?resolve=true HTTP/1.1" 304 - "http://localhost:8000/takeSurvey/5b8a9e9aa162db1d40a4f3b0" "Mozilla/5.0 (iPhone; CPU iPhone OS 10_3_1 like Mac OS X) AppleWebKit/603.1.30 (KHTML, like Gecko) Version/10.0 Mobile/14E304 Safari/602.1"
::1 - - [03/Sep/2018:01:20:08 +0000] "GET /survey/edit/5b8a9e9aa162db1d40a4f3b0?name=This+is+a+testing+survey&question=Test+Question+1 HTTP/1.1" 200 4818 "http://localhost:8000/survey/edit/5b8a9e9aa162db1d40a4f3b0" "Mozilla/5.0 (iPhone; CPU iPhone OS 10_3_1 like Mac OS X) AppleWebKit/603.1.30 (KHTML, like Gecko) Version/10.0 Mobile/14E304 Safari/602.1"
::1 - - [03/Sep/2018:01:20:10 +0000] "GET /api/surveys/5b8a9e9aa162db1d40a4f3b0?resolve=true HTTP/1.1" 304 - "http://localhost:8000/survey/edit/5b8a9e9aa162db1d40a4f3b0?name=This%20is%20a%20testing%20survey&question=Test%20Question%201" "Mozilla/5.0 (iPhone; CPU iPhone OS 10_3_1 like Mac OS X) AppleWebKit/603.1.30 (KHTML, like Gecko) Version/10.0 Mobile/14E304 Safari/602.1"
::1 - - [03/Sep/2018:01:25:02 +0000] "GET /survey/edit/5b8a9e9aa162db1d40a4f3b0?name=This%20is%20a%20testing%20survey&question=Test%20Question%201 HTTP/1.1" 200 4818 "http://localhost:8000/survey/edit/5b8a9e9aa162db1d40a4f3b0" "Mozilla/5.0 (iPhone; CPU iPhone OS 10_3_1 like Mac OS X) AppleWebKit/603.1.30 (KHTML, like Gecko) Version/10.0 Mobile/14E304 Safari/602.1"
::1 - - [03/Sep/2018:01:27:24 +0000] "GET /survey/edit/5b8a9e9aa162db1d40a4f3b0?name=This%20is%20a%20testing%20survey&question=Test%20Question%201 HTTP/1.1" 200 4818 "http://localhost:8000/survey/edit/5b8a9e9aa162db1d40a4f3b0" "Mozilla/5.0 (iPhone; CPU iPhone OS 10_3_1 like Mac OS X) AppleWebKit/603.1.30 (KHTML, like Gecko) Version/10.0 Mobile/14E304 Safari/602.1"
::1 - - [03/Sep/2018:01:27:27 +0000] "GET /api/surveys/5b8a9e9aa162db1d40a4f3b0?resolve=true HTTP/1.1" 200 343 "http://localhost:8000/survey/edit/5b8a9e9aa162db1d40a4f3b0?name=This%20is%20a%20testing%20survey&question=Test%20Question%201" "Mozilla/5.0 (iPhone; CPU iPhone OS 10_3_1 like Mac OS X) AppleWebKit/603.1.30 (KHTML, like Gecko) Version/10.0 Mobile/14E304 Safari/602.1"
::1 - - [03/Sep/2018:01:28:23 +0000] "GET /survey/edit/5b8a9e9aa162db1d40a4f3b0?name=This%20is%20a%20testing%20survey&question=Test%20Question%201 HTTP/1.1" 200 4818 "http://localhost:8000/survey/edit/5b8a9e9aa162db1d40a4f3b0" "Mozilla/5.0 (iPhone; CPU iPhone OS 10_3_1 like Mac OS X) AppleWebKit/603.1.30 (KHTML, like Gecko) Version/10.0 Mobile/14E304 Safari/602.1"
::1 - - [03/Sep/2018:01:28:26 +0000] "GET /api/surveys/5b8a9e9aa162db1d40a4f3b0?resolve=true HTTP/1.1" 200 343 "http://localhost:8000/survey/edit/5b8a9e9aa162db1d40a4f3b0?name=This%20is%20a%20testing%20survey&question=Test%20Question%201" "Mozilla/5.0 (iPhone; CPU iPhone OS 10_3_1 like Mac OS X) AppleWebKit/603.1.30 (KHTML, like Gecko) Version/10.0 Mobile/14E304 Safari/602.1"
::1 - - [03/Sep/2018:01:28:33 +0000] "GET /survey/edit/5b8a9e9aa162db1d40a4f3b0?name=This+is+a+testing+survey&question%5Bi%5D=Test+Question+1 HTTP/1.1" 200 4818 "http://localhost:8000/survey/edit/5b8a9e9aa162db1d40a4f3b0?name=This%20is%20a%20testing%20survey&question=Test%20Question%201" "Mozilla/5.0 (iPhone; CPU iPhone OS 10_3_1 like Mac OS X) AppleWebKit/603.1.30 (KHTML, like Gecko) Version/10.0 Mobile/14E304 Safari/602.1"
::1 - - [03/Sep/2018:01:28:36 +0000] "GET /api/surveys/5b8a9e9aa162db1d40a4f3b0?resolve=true HTTP/1.1" 304 - "http://localhost:8000/survey/edit/5b8a9e9aa162db1d40a4f3b0?name=This%20is%20a%20testing%20survey&question%5Bi%5D=Test%20Question%201" "Mozilla/5.0 (iPhone; CPU iPhone OS 10_3_1 like Mac OS X) AppleWebKit/603.1.30 (KHTML, like Gecko) Version/10.0 Mobile/14E304 Safari/602.1"
::1 - - [03/Sep/2018:03:46:41 +0000] "POST /api/clients/login HTTP/1.1" 200 407 "http://localhost:8000/login" "Mozilla/5.0 (iPhone; CPU iPhone OS 10_3_1 like Mac OS X) AppleWebKit/603.1.30 (KHTML, like Gecko) Version/10.0 Mobile/14E304 Safari/602.1"
::1 - - [03/Sep/2018:03:47:27 +0000] "DELETE /api/clients HTTP/1.1" 200 15 "http://localhost:8000/dashboard" "Mozilla/5.0 (iPhone; CPU iPhone OS 10_3_1 like Mac OS X) AppleWebKit/603.1.30 (KHTML, like Gecko) Version/10.0 Mobile/14E304 Safari/602.1"
::1 - - [03/Sep/2018:03:47:53 +0000] "POST /api/clients/login HTTP/1.1" 200 407 "http://localhost:8000/login" "Mozilla/5.0 (iPhone; CPU iPhone OS 10_3_1 like Mac OS X) AppleWebKit/603.1.30 (KHTML, like Gecko) Version/10.0 Mobile/14E304 Safari/602.1"
::1 - - [03/Sep/2018:03:52:38 +0000] "DELETE /api/clients HTTP/1.1" 200 15 "http://localhost:8000/dashboard" "Mozilla/5.0 (iPhone; CPU iPhone OS 10_3_1 like Mac OS X) AppleWebKit/603.1.30 (KHTML, like Gecko) Version/10.0 Mobile/14E304 Safari/602.1"
::1 - - [03/Sep/2018:03:52:55 +0000] "POST /api/clients/login HTTP/1.1" 200 407 "http://localhost:8000/login" "Mozilla/5.0 (iPhone; CPU iPhone OS 10_3_1 like Mac OS X) AppleWebKit/603.1.30 (KHTML, like Gecko) Version/10.0 Mobile/14E304 Safari/602.1"
::1 - - [03/Sep/2018:03:54:21 +0000] "GET /dashboard HTTP/1.1" 200 4818 "-" "Mozilla/5.0 (iPhone; CPU iPhone OS 10_3_1 like Mac OS X) AppleWebKit/603.1.30 (KHTML, like Gecko) Version/10.0 Mobile/14E304 Safari/602.1"
::1 - - [03/Sep/2018:03:54:25 +0000] "DELETE /api/clients HTTP/1.1" 200 15 "http://localhost:8000/dashboard" "Mozilla/5.0 (iPhone; CPU iPhone OS 10_3_1 like Mac OS X) AppleWebKit/603.1.30 (KHTML, like Gecko) Version/10.0 Mobile/14E304 Safari/602.1"
::1 - - [03/Sep/2018:03:55:35 +0000] "POST /api/clients/login HTTP/1.1" 200 407 "http://localhost:8000/login" "Mozilla/5.0 (iPhone; CPU iPhone OS 10_3_1 like Mac OS X) AppleWebKit/603.1.30 (KHTML, like Gecko) Version/10.0 Mobile/14E304 Safari/602.1"
::1 - - [03/Sep/2018:19:49:50 +0000] "POST /api/clients/login HTTP/1.1" 200 407 "http://localhost:8000/login" "Mozilla/5.0 (iPhone; CPU iPhone OS 10_3_1 like Mac OS X) AppleWebKit/603.1.30 (KHTML, like Gecko) Version/10.0 Mobile/14E304 Safari/602.1"
::1 - - [03/Sep/2018:19:50:34 +0000] "GET /api/clients/5b89c9cb0a60bc0e847294f2?resolve=true HTTP/1.1" 200 485 "http://localhost:8000/survey" "Mozilla/5.0 (iPhone; CPU iPhone OS 10_3_1 like Mac OS X) AppleWebKit/603.1.30 (KHTML, like Gecko) Version/10.0 Mobile/14E304 Safari/602.1"
::1 - - [03/Sep/2018:19:51:02 +0000] "GET /api/surveys/undefined?resolve=true HTTP/1.1" 200 2 "http://localhost:8000/survey/edit/undefined" "Mozilla/5.0 (iPhone; CPU iPhone OS 10_3_1 like Mac OS X) AppleWebKit/603.1.30 (KHTML, like Gecko) Version/10.0 Mobile/14E304 Safari/602.1"
::1 - - [03/Sep/2018:19:51:07 +0000] "GET /api/clients/5b89c9cb0a60bc0e847294f2?resolve=true HTTP/1.1" 304 - "http://localhost:8000/survey" "Mozilla/5.0 (iPhone; CPU iPhone OS 10_3_1 like Mac OS X) AppleWebKit/603.1.30 (KHTML, like Gecko) Version/10.0 Mobile/14E304 Safari/602.1"
::1 - - [03/Sep/2018:19:53:32 +0000] "GET /survey HTTP/1.1" 200 4818 "-" "Mozilla/5.0 (iPhone; CPU iPhone OS 10_3_1 like Mac OS X) AppleWebKit/603.1.30 (KHTML, like Gecko) Version/10.0 Mobile/14E304 Safari/602.1"
::1 - - [03/Sep/2018:19:53:35 +0000] "GET /api/clients/5b89c9cb0a60bc0e847294f2?resolve=true HTTP/1.1" 200 776 "http://localhost:8000/survey" "Mozilla/5.0 (iPhone; CPU iPhone OS 10_3_1 like Mac OS X) AppleWebKit/603.1.30 (KHTML, like Gecko) Version/10.0 Mobile/14E304 Safari/602.1"
::1 - - [03/Sep/2018:19:54:07 +0000] "GET /survey HTTP/1.1" 200 4818 "-" "Mozilla/5.0 (iPhone; CPU iPhone OS 10_3_1 like Mac OS X) AppleWebKit/603.1.30 (KHTML, like Gecko) Version/10.0 Mobile/14E304 Safari/602.1"
::1 - - [03/Sep/2018:19:54:10 +0000] "GET /api/clients/5b89c9cb0a60bc0e847294f2?resolve=true HTTP/1.1" 200 485 "http://localhost:8000/survey" "Mozilla/5.0 (iPhone; CPU iPhone OS 10_3_1 like Mac OS X) AppleWebKit/603.1.30 (KHTML, like Gecko) Version/10.0 Mobile/14E304 Safari/602.1"
::1 - - [03/Sep/2018:19:54:27 +0000] "GET /survey HTTP/1.1" 200 4818 "-" "Mozilla/5.0 (iPhone; CPU iPhone OS 10_3_1 like Mac OS X) AppleWebKit/603.1.30 (KHTML, like Gecko) Version/10.0 Mobile/14E304 Safari/602.1"
::1 - - [03/Sep/2018:19:54:30 +0000] "GET /api/clients/5b89c9cb0a60bc0e847294f2?resolve=true HTTP/1.1" 200 776 "http://localhost:8000/survey" "Mozilla/5.0 (iPhone; CPU iPhone OS 10_3_1 like Mac OS X) AppleWebKit/603.1.30 (KHTML, like Gecko) Version/10.0 Mobile/14E304 Safari/602.1"
::1 - - [03/Sep/2018:19:54:32 +0000] "GET /api/surveys/5b8a9e9aa162db1d40a4f3b0?resolve=true HTTP/1.1" 304 - "http://localhost:8000/survey/edit/5b8a9e9aa162db1d40a4f3b0" "Mozilla/5.0 (iPhone; CPU iPhone OS 10_3_1 like Mac OS X) AppleWebKit/603.1.30 (KHTML, like Gecko) Version/10.0 Mobile/14E304 Safari/602.1"
::1 - - [03/Sep/2018:19:55:24 +0000] "GET /survey/edit/5b8a9e9aa162db1d40a4f3b0?name=This+is+a+testing+survey&question%5Bi%5D=Test+Question+1 HTTP/1.1" 200 4818 "http://localhost:8000/survey/edit/5b8a9e9aa162db1d40a4f3b0" "Mozilla/5.0 (iPhone; CPU iPhone OS 10_3_1 like Mac OS X) AppleWebKit/603.1.30 (KHTML, like Gecko) Version/10.0 Mobile/14E304 Safari/602.1"
::1 - - [03/Sep/2018:19:55:27 +0000] "GET /api/surveys/5b8a9e9aa162db1d40a4f3b0?resolve=true HTTP/1.1" 304 - "http://localhost:8000/survey/edit/5b8a9e9aa162db1d40a4f3b0?name=This%20is%20a%20testing%20survey&question%5Bi%5D=Test%20Question%201" "Mozilla/5.0 (iPhone; CPU iPhone OS 10_3_1 like Mac OS X) AppleWebKit/603.1.30 (KHTML, like Gecko) Version/10.0 Mobile/14E304 Safari/602.1"
::1 - - [03/Sep/2018:19:55:43 +0000] "GET /survey/edit/5b8a9e9aa162db1d40a4f3b0 HTTP/1.1" 200 4818 "-" "Mozilla/5.0 (iPhone; CPU iPhone OS 10_3_1 like Mac OS X) AppleWebKit/603.1.30 (KHTML, like Gecko) Version/10.0 Mobile/14E304 Safari/602.1"
::1 - - [03/Sep/2018:19:55:46 +0000] "GET /api/surveys/5b8a9e9aa162db1d40a4f3b0?resolve=true HTTP/1.1" 304 - "http://localhost:8000/survey/edit/5b8a9e9aa162db1d40a4f3b0" "Mozilla/5.0 (iPhone; CPU iPhone OS 10_3_1 like Mac OS X) AppleWebKit/603.1.30 (KHTML, like Gecko) Version/10.0 Mobile/14E304 Safari/602.1"
::1 - - [03/Sep/2018:19:56:02 +0000] "GET /api/clients/5b89c9cb0a60bc0e847294f2?resolve=true HTTP/1.1" 304 - "http://localhost:8000/survey" "Mozilla/5.0 (iPhone; CPU iPhone OS 10_3_1 like Mac OS X) AppleWebKit/603.1.30 (KHTML, like Gecko) Version/10.0 Mobile/14E304 Safari/602.1"
::1 - - [03/Sep/2018:19:57:06 +0000] "GET /takeSurvey/5b8a9e9aa162db1d40a4f3b0 HTTP/1.1" 200 4818 "-" "Mozilla/5.0 (iPhone; CPU iPhone OS 10_3_1 like Mac OS X) AppleWebKit/603.1.30 (KHTML, like Gecko) Version/10.0 Mobile/14E304 Safari/602.1"
::1 - - [03/Sep/2018:19:57:08 +0000] "GET /api/surveys/5b8a9e9aa162db1d40a4f3b0?resolve=true HTTP/1.1" 200 343 "http://localhost:8000/takeSurvey/5b8a9e9aa162db1d40a4f3b0" "Mozilla/5.0 (iPhone; CPU iPhone OS 10_3_1 like Mac OS X) AppleWebKit/603.1.30 (KHTML, like Gecko) Version/10.0 Mobile/14E304 Safari/602.1"
::1 - - [03/Sep/2018:19:59:13 +0000] "GET /takeSurvey/5b8a9e9aa162db1d40a4f3b0 HTTP/1.1" 200 4818 "-" "Mozilla/5.0 (iPhone; CPU iPhone OS 10_3_1 like Mac OS X) AppleWebKit/603.1.30 (KHTML, like Gecko) Version/10.0 Mobile/14E304 Safari/602.1"
::1 - - [03/Sep/2018:19:59:15 +0000] "GET /api/surveys/5b8a9e9aa162db1d40a4f3b0?resolve=true HTTP/1.1" 200 343 "http://localhost:8000/takeSurvey/5b8a9e9aa162db1d40a4f3b0" "Mozilla/5.0 (iPhone; CPU iPhone OS 10_3_1 like Mac OS X) AppleWebKit/603.1.30 (KHTML, like Gecko) Version/10.0 Mobile/14E304 Safari/602.1"
::1 - - [03/Sep/2018:20:08:18 +0000] "GET /takeSurvey/5b8a9e9aa162db1d40a4f3b0 HTTP/1.1" 200 4818 "-" "Mozilla/5.0 (iPhone; CPU iPhone OS 10_3_1 like Mac OS X) AppleWebKit/603.1.30 (KHTML, like Gecko) Version/10.0 Mobile/14E304 Safari/602.1"
::1 - - [03/Sep/2018:20:08:20 +0000] "GET /api/surveys/5b8a9e9aa162db1d40a4f3b0?resolve=true HTTP/1.1" 200 343 "http://localhost:8000/takeSurvey/5b8a9e9aa162db1d40a4f3b0" "Mozilla/5.0 (iPhone; CPU iPhone OS 10_3_1 like Mac OS X) AppleWebKit/603.1.30 (KHTML, like Gecko) Version/10.0 Mobile/14E304 Safari/602.1"
::1 - - [03/Sep/2018:20:08:57 +0000] "GET /takeSurvey/5b8a9e9aa162db1d40a4f3b0 HTTP/1.1" 200 4818 "-" "Mozilla/5.0 (iPhone; CPU iPhone OS 10_3_1 like Mac OS X) AppleWebKit/603.1.30 (KHTML, like Gecko) Version/10.0 Mobile/14E304 Safari/602.1"
::1 - - [03/Sep/2018:20:09:00 +0000] "GET /api/surveys/5b8a9e9aa162db1d40a4f3b0?resolve=true HTTP/1.1" 200 343 "http://localhost:8000/takeSurvey/5b8a9e9aa162db1d40a4f3b0" "Mozilla/5.0 (iPhone; CPU iPhone OS 10_3_1 like Mac OS X) AppleWebKit/603.1.30 (KHTML, like Gecko) Version/10.0 Mobile/14E304 Safari/602.1"
::1 - - [03/Sep/2018:20:11:39 +0000] "GET /takeSurvey/5b8a9e9aa162db1d40a4f3b0 HTTP/1.1" 200 4818 "-" "Mozilla/5.0 (iPhone; CPU iPhone OS 10_3_1 like Mac OS X) AppleWebKit/603.1.30 (KHTML, like Gecko) Version/10.0 Mobile/14E304 Safari/602.1"
::1 - - [03/Sep/2018:20:11:41 +0000] "GET /api/surveys/5b8a9e9aa162db1d40a4f3b0?resolve=true HTTP/1.1" 200 343 "http://localhost:8000/takeSurvey/5b8a9e9aa162db1d40a4f3b0" "Mozilla/5.0 (iPhone; CPU iPhone OS 10_3_1 like Mac OS X) AppleWebKit/603.1.30 (KHTML, like Gecko) Version/10.0 Mobile/14E304 Safari/602.1"
::1 - - [03/Sep/2018:20:11:50 +0000] "GET /takeSurvey/5b8a9e9aa162db1d40a4f3b0?answer=Answer+1 HTTP/1.1" 200 4818 "http://localhost:8000/takeSurvey/5b8a9e9aa162db1d40a4f3b0" "Mozilla/5.0 (iPhone; CPU iPhone OS 10_3_1 like Mac OS X) AppleWebKit/603.1.30 (KHTML, like Gecko) Version/10.0 Mobile/14E304 Safari/602.1"
::1 - - [03/Sep/2018:20:11:52 +0000] "GET /api/surveys/5b8a9e9aa162db1d40a4f3b0?resolve=true HTTP/1.1" 304 - "http://localhost:8000/takeSurvey/5b8a9e9aa162db1d40a4f3b0?answer=Answer%201" "Mozilla/5.0 (iPhone; CPU iPhone OS 10_3_1 like Mac OS X) AppleWebKit/603.1.30 (KHTML, like Gecko) Version/10.0 Mobile/14E304 Safari/602.1"
::1 - - [03/Sep/2018:20:12:04 +0000] "GET /takeSurvey/5b8a9e9aa162db1d40a4f3b0?answer=Answer%201 HTTP/1.1" 200 4818 "http://localhost:8000/takeSurvey/5b8a9e9aa162db1d40a4f3b0" "Mozilla/5.0 (iPhone; CPU iPhone OS 10_3_1 like Mac OS X) AppleWebKit/603.1.30 (KHTML, like Gecko) Version/10.0 Mobile/14E304 Safari/602.1"
::1 - - [03/Sep/2018:20:12:07 +0000] "GET /api/surveys/5b8a9e9aa162db1d40a4f3b0?resolve=true HTTP/1.1" 200 343 "http://localhost:8000/takeSurvey/5b8a9e9aa162db1d40a4f3b0?answer=Answer%201" "Mozilla/5.0 (iPhone; CPU iPhone OS 10_3_1 like Mac OS X) AppleWebKit/603.1.30 (KHTML, like Gecko) Version/10.0 Mobile/14E304 Safari/602.1"
::1 - - [03/Sep/2018:20:13:17 +0000] "GET /takeSurvey/5b8a9e9aa162db1d40a4f3b0?answer=Answer%201 HTTP/1.1" 200 4818 "http://localhost:8000/takeSurvey/5b8a9e9aa162db1d40a4f3b0" "Mozilla/5.0 (iPhone; CPU iPhone OS 10_3_1 like Mac OS X) AppleWebKit/603.1.30 (KHTML, like Gecko) Version/10.0 Mobile/14E304 Safari/602.1"
::1 - - [03/Sep/2018:20:13:19 +0000] "GET /api/surveys/5b8a9e9aa162db1d40a4f3b0?resolve=true HTTP/1.1" 200 343 "http://localhost:8000/takeSurvey/5b8a9e9aa162db1d40a4f3b0?answer=Answer%201" "Mozilla/5.0 (iPhone; CPU iPhone OS 10_3_1 like Mac OS X) AppleWebKit/603.1.30 (KHTML, like Gecko) Version/10.0 Mobile/14E304 Safari/602.1"
::1 - - [03/Sep/2018:20:25:28 +0000] "GET /takeSurvey/5b8a9e9aa162db1d40a4f3b0?answer=Answer%201 HTTP/1.1" 200 4818 "http://localhost:8000/takeSurvey/5b8a9e9aa162db1d40a4f3b0" "Mozilla/5.0 (iPhone; CPU iPhone OS 10_3_1 like Mac OS X) AppleWebKit/603.1.30 (KHTML, like Gecko) Version/10.0 Mobile/14E304 Safari/602.1"
::1 - - [03/Sep/2018:20:25:30 +0000] "GET /api/surveys/5b8a9e9aa162db1d40a4f3b0?resolve=true HTTP/1.1" 200 343 "http://localhost:8000/takeSurvey/5b8a9e9aa162db1d40a4f3b0?answer=Answer%201" "Mozilla/5.0 (iPhone; CPU iPhone OS 10_3_1 like Mac OS X) AppleWebKit/603.1.30 (KHTML, like Gecko) Version/10.0 Mobile/14E304 Safari/602.1"
::1 - - [03/Sep/2018:20:25:35 +0000] "PUT /api/answerSurveys/undefined HTTP/1.1" 500 1791 "http://localhost:8000/takeSurvey/5b8a9e9aa162db1d40a4f3b0?answer=Answer%201" "Mozilla/5.0 (iPhone; CPU iPhone OS 10_3_1 like Mac OS X) AppleWebKit/603.1.30 (KHTML, like Gecko) Version/10.0 Mobile/14E304 Safari/602.1"
::1 - - [03/Sep/2018:20:28:17 +0000] "GET /api/surveys/5b8a9e9aa162db1d40a4f3b0?resolve=true HTTP/1.1" 304 - "http://localhost:8000/takeSurvey/5b8a9e9aa162db1d40a4f3b0?answer=Answer%201" "Mozilla/5.0 (iPhone; CPU iPhone OS 10_3_1 like Mac OS X) AppleWebKit/603.1.30 (KHTML, like Gecko) Version/10.0 Mobile/14E304 Safari/602.1"
::1 - - [03/Sep/2018:20:28:18 +0000] "GET /takeSurvey/5b8a9e9aa162db1d40a4f3b0?answer=Answer%201 HTTP/1.1" 200 4818 "http://localhost:8000/takeSurvey/5b8a9e9aa162db1d40a4f3b0" "Mozilla/5.0 (iPhone; CPU iPhone OS 10_3_1 like Mac OS X) AppleWebKit/603.1.30 (KHTML, like Gecko) Version/10.0 Mobile/14E304 Safari/602.1"
::1 - - [03/Sep/2018:20:28:20 +0000] "GET /api/surveys/5b8a9e9aa162db1d40a4f3b0?resolve=true HTTP/1.1" 200 343 "http://localhost:8000/takeSurvey/5b8a9e9aa162db1d40a4f3b0?answer=Answer%201" "Mozilla/5.0 (iPhone; CPU iPhone OS 10_3_1 like Mac OS X) AppleWebKit/603.1.30 (KHTML, like Gecko) Version/10.0 Mobile/14E304 Safari/602.1"
::1 - - [03/Sep/2018:20:28:27 +0000] "PUT /api/answerSurveys/undefined HTTP/1.1" 500 1791 "http://localhost:8000/takeSurvey/5b8a9e9aa162db1d40a4f3b0?answer=Answer%201" "Mozilla/5.0 (iPhone; CPU iPhone OS 10_3_1 like Mac OS X) AppleWebKit/603.1.30 (KHTML, like Gecko) Version/10.0 Mobile/14E304 Safari/602.1"
::1 - - [03/Sep/2018:20:37:23 +0000] "GET /takeSurvey/5b8a9e9aa162db1d40a4f3b0 HTTP/1.1" 200 4818 "-" "Mozilla/5.0 (iPhone; CPU iPhone OS 10_3_1 like Mac OS X) AppleWebKit/603.1.30 (KHTML, like Gecko) Version/10.0 Mobile/14E304 Safari/602.1"
::1 - - [03/Sep/2018:20:37:25 +0000] "GET /api/surveys/5b8a9e9aa162db1d40a4f3b0?resolve=true HTTP/1.1" 200 343 "http://localhost:8000/takeSurvey/5b8a9e9aa162db1d40a4f3b0" "Mozilla/5.0 (iPhone; CPU iPhone OS 10_3_1 like Mac OS X) AppleWebKit/603.1.30 (KHTML, like Gecko) Version/10.0 Mobile/14E304 Safari/602.1"
::1 - - [03/Sep/2018:20:37:31 +0000] "PUT /api/answerSurveys/undefined HTTP/1.1" 200 198 "http://localhost:8000/takeSurvey/5b8a9e9aa162db1d40a4f3b0" "Mozilla/5.0 (iPhone; CPU iPhone OS 10_3_1 like Mac OS X) AppleWebKit/603.1.30 (KHTML, like Gecko) Version/10.0 Mobile/14E304 Safari/602.1"
::1 - - [03/Sep/2018:20:50:40 +0000] "POST /api/clients/login HTTP/1.1" 200 419 "http://localhost:8000/login" "Mozilla/5.0 (iPhone; CPU iPhone OS 10_3_1 like Mac OS X) AppleWebKit/603.1.30 (KHTML, like Gecko) Version/10.0 Mobile/14E304 Safari/602.1"
::1 - - [03/Sep/2018:20:50:42 +0000] "GET /api/clients/5b89c9cb0a60bc0e847294f2?resolve=true HTTP/1.1" 200 776 "http://localhost:8000/survey" "Mozilla/5.0 (iPhone; CPU iPhone OS 10_3_1 like Mac OS X) AppleWebKit/603.1.30 (KHTML, like Gecko) Version/10.0 Mobile/14E304 Safari/602.1"
::1 - - [03/Sep/2018:20:50:44 +0000] "GET /api/surveys/5b8a9e9aa162db1d40a4f3b0?resolve=true HTTP/1.1" 304 - "http://localhost:8000/takeSurvey/5b8a9e9aa162db1d40a4f3b0" "Mozilla/5.0 (iPhone; CPU iPhone OS 10_3_1 like Mac OS X) AppleWebKit/603.1.30 (KHTML, like Gecko) Version/10.0 Mobile/14E304 Safari/602.1"
::1 - - [03/Sep/2018:20:52:09 +0000] "GET /takeSurvey/5b8a9e9aa162db1d40a4f3b0 HTTP/1.1" 200 4818 "-" "Mozilla/5.0 (iPhone; CPU iPhone OS 10_3_1 like Mac OS X) AppleWebKit/603.1.30 (KHTML, like Gecko) Version/10.0 Mobile/14E304 Safari/602.1"
::1 - - [03/Sep/2018:20:52:12 +0000] "GET /api/surveys/5b8a9e9aa162db1d40a4f3b0?resolve=true HTTP/1.1" 200 343 "http://localhost:8000/takeSurvey/5b8a9e9aa162db1d40a4f3b0" "Mozilla/5.0 (iPhone; CPU iPhone OS 10_3_1 like Mac OS X) AppleWebKit/603.1.30 (KHTML, like Gecko) Version/10.0 Mobile/14E304 Safari/602.1"
::1 - - [03/Sep/2018:20:52:55 +0000] "GET /takeSurvey/5b8a9e9aa162db1d40a4f3b0 HTTP/1.1" 200 4818 "-" "Mozilla/5.0 (iPhone; CPU iPhone OS 10_3_1 like Mac OS X) AppleWebKit/603.1.30 (KHTML, like Gecko) Version/10.0 Mobile/14E304 Safari/602.1"
::1 - - [03/Sep/2018:20:52:58 +0000] "GET /api/surveys/5b8a9e9aa162db1d40a4f3b0?resolve=true HTTP/1.1" 200 343 "http://localhost:8000/takeSurvey/5b8a9e9aa162db1d40a4f3b0" "Mozilla/5.0 (iPhone; CPU iPhone OS 10_3_1 like Mac OS X) AppleWebKit/603.1.30 (KHTML, like Gecko) Version/10.0 Mobile/14E304 Safari/602.1"
::1 - - [03/Sep/2018:20:54:05 +0000] "GET /takeSurvey/5b8a9e9aa162db1d40a4f3b0 HTTP/1.1" 200 4818 "-" "Mozilla/5.0 (iPhone; CPU iPhone OS 10_3_1 like Mac OS X) AppleWebKit/603.1.30 (KHTML, like Gecko) Version/10.0 Mobile/14E304 Safari/602.1"
::1 - - [03/Sep/2018:20:54:07 +0000] "GET /api/surveys/5b8a9e9aa162db1d40a4f3b0?resolve=true HTTP/1.1" 200 343 "http://localhost:8000/takeSurvey/5b8a9e9aa162db1d40a4f3b0" "Mozilla/5.0 (iPhone; CPU iPhone OS 10_3_1 like Mac OS X) AppleWebKit/603.1.30 (KHTML, like Gecko) Version/10.0 Mobile/14E304 Safari/602.1"
::1 - - [03/Sep/2018:20:56:16 +0000] "GET /takeSurvey/5b8a9e9aa162db1d40a4f3b0 HTTP/1.1" 200 4818 "-" "Mozilla/5.0 (iPhone; CPU iPhone OS 10_3_1 like Mac OS X) AppleWebKit/603.1.30 (KHTML, like Gecko) Version/10.0 Mobile/14E304 Safari/602.1"
::1 - - [03/Sep/2018:20:56:19 +0000] "GET /api/surveys/5b8a9e9aa162db1d40a4f3b0?resolve=true HTTP/1.1" 200 343 "http://localhost:8000/takeSurvey/5b8a9e9aa162db1d40a4f3b0" "Mozilla/5.0 (iPhone; CPU iPhone OS 10_3_1 like Mac OS X) AppleWebKit/603.1.30 (KHTML, like Gecko) Version/10.0 Mobile/14E304 Safari/602.1"
::1 - - [03/Sep/2018:20:59:49 +0000] "POST /api/clients/login HTTP/1.1" 200 419 "http://localhost:8000/login" "Mozilla/5.0 (iPhone; CPU iPhone OS 10_3_1 like Mac OS X) AppleWebKit/603.1.30 (KHTML, like Gecko) Version/10.0 Mobile/14E304 Safari/602.1"
::1 - - [03/Sep/2018:20:59:52 +0000] "GET /api/clients/5b89c9cb0a60bc0e847294f2?resolve=true HTTP/1.1" 200 776 "http://localhost:8000/survey" "Mozilla/5.0 (iPhone; CPU iPhone OS 10_3_1 like Mac OS X) AppleWebKit/603.1.30 (KHTML, like Gecko) Version/10.0 Mobile/14E304 Safari/602.1"
::1 - - [03/Sep/2018:20:59:53 +0000] "GET /api/surveys/5b8a9e9aa162db1d40a4f3b0?resolve=true HTTP/1.1" 304 - "http://localhost:8000/takeSurvey/5b8a9e9aa162db1d40a4f3b0" "Mozilla/5.0 (iPhone; CPU iPhone OS 10_3_1 like Mac OS X) AppleWebKit/603.1.30 (KHTML, like Gecko) Version/10.0 Mobile/14E304 Safari/602.1"
::1 - - [04/Sep/2018:02:03:51 +0000] "POST /api/clients/login HTTP/1.1" 200 419 "http://localhost:8000/login" "Mozilla/5.0 (iPhone; CPU iPhone OS 10_3_1 like Mac OS X) AppleWebKit/603.1.30 (KHTML, like Gecko) Version/10.0 Mobile/14E304 Safari/602.1"
::1 - - [04/Sep/2018:02:03:55 +0000] "GET /api/clients/5b89c9cb0a60bc0e847294f2?resolve=true HTTP/1.1" 200 776 "http://localhost:8000/survey" "Mozilla/5.0 (iPhone; CPU iPhone OS 10_3_1 like Mac OS X) AppleWebKit/603.1.30 (KHTML, like Gecko) Version/10.0 Mobile/14E304 Safari/602.1"
::1 - - [04/Sep/2018:02:03:59 +0000] "GET /api/surveys/5b8a9e9aa162db1d40a4f3b0?resolve=true HTTP/1.1" 304 - "http://localhost:8000/takeSurvey/5b8a9e9aa162db1d40a4f3b0" "Mozilla/5.0 (iPhone; CPU iPhone OS 10_3_1 like Mac OS X) AppleWebKit/603.1.30 (KHTML, like Gecko) Version/10.0 Mobile/14E304 Safari/602.1"
::1 - - [04/Sep/2018:02:11:59 +0000] "GET /takeSurvey/5b8a9e9aa162db1d40a4f3b0 HTTP/1.1" 200 4818 "-" "Mozilla/5.0 (iPhone; CPU iPhone OS 10_3_1 like Mac OS X) AppleWebKit/603.1.30 (KHTML, like Gecko) Version/10.0 Mobile/14E304 Safari/602.1"
::1 - - [04/Sep/2018:02:12:03 +0000] "GET /api/surveys/5b8a9e9aa162db1d40a4f3b0?resolve=true HTTP/1.1" 200 343 "http://localhost:8000/takeSurvey/5b8a9e9aa162db1d40a4f3b0" "Mozilla/5.0 (iPhone; CPU iPhone OS 10_3_1 like Mac OS X) AppleWebKit/603.1.30 (KHTML, like Gecko) Version/10.0 Mobile/14E304 Safari/602.1"
::1 - - [04/Sep/2018:02:14:32 +0000] "GET /takeSurvey/5b8a9e9aa162db1d40a4f3b0 HTTP/1.1" 200 4818 "-" "Mozilla/5.0 (iPhone; CPU iPhone OS 10_3_1 like Mac OS X) AppleWebKit/603.1.30 (KHTML, like Gecko) Version/10.0 Mobile/14E304 Safari/602.1"
::1 - - [04/Sep/2018:02:14:34 +0000] "GET /api/surveys/5b8a9e9aa162db1d40a4f3b0?resolve=true HTTP/1.1" 200 343 "http://localhost:8000/takeSurvey/5b8a9e9aa162db1d40a4f3b0" "Mozilla/5.0 (iPhone; CPU iPhone OS 10_3_1 like Mac OS X) AppleWebKit/603.1.30 (KHTML, like Gecko) Version/10.0 Mobile/14E304 Safari/602.1"
::1 - - [04/Sep/2018:02:26:25 +0000] "GET /takeSurvey/5b8a9e9aa162db1d40a4f3b0 HTTP/1.1" 200 4818 "-" "Mozilla/5.0 (iPhone; CPU iPhone OS 10_3_1 like Mac OS X) AppleWebKit/603.1.30 (KHTML, like Gecko) Version/10.0 Mobile/14E304 Safari/602.1"
::1 - - [04/Sep/2018:02:26:27 +0000] "GET /api/surveys/5b8a9e9aa162db1d40a4f3b0?resolve=true HTTP/1.1" 200 343 "http://localhost:8000/takeSurvey/5b8a9e9aa162db1d40a4f3b0" "Mozilla/5.0 (iPhone; CPU iPhone OS 10_3_1 like Mac OS X) AppleWebKit/603.1.30 (KHTML, like Gecko) Version/10.0 Mobile/14E304 Safari/602.1"
::1 - - [04/Sep/2018:02:30:01 +0000] "GET /takeSurvey/5b8a9e9aa162db1d40a4f3b0 HTTP/1.1" 200 4818 "-" "Mozilla/5.0 (iPhone; CPU iPhone OS 10_3_1 like Mac OS X) AppleWebKit/603.1.30 (KHTML, like Gecko) Version/10.0 Mobile/14E304 Safari/602.1"
::1 - - [04/Sep/2018:02:30:04 +0000] "GET /api/surveys/5b8a9e9aa162db1d40a4f3b0?resolve=true HTTP/1.1" 200 343 "http://localhost:8000/takeSurvey/5b8a9e9aa162db1d40a4f3b0" "Mozilla/5.0 (iPhone; CPU iPhone OS 10_3_1 like Mac OS X) AppleWebKit/603.1.30 (KHTML, like Gecko) Version/10.0 Mobile/14E304 Safari/602.1"
::1 - - [04/Sep/2018:02:38:47 +0000] "POST /api/clients/login HTTP/1.1" 200 419 "http://localhost:8000/login" "Mozilla/5.0 (iPhone; CPU iPhone OS 10_3_1 like Mac OS X) AppleWebKit/603.1.30 (KHTML, like Gecko) Version/10.0 Mobile/14E304 Safari/602.1"
::1 - - [04/Sep/2018:02:38:51 +0000] "GET /api/clients/5b89c9cb0a60bc0e847294f2?resolve=true HTTP/1.1" 200 776 "http://localhost:8000/survey" "Mozilla/5.0 (iPhone; CPU iPhone OS 10_3_1 like Mac OS X) AppleWebKit/603.1.30 (KHTML, like Gecko) Version/10.0 Mobile/14E304 Safari/602.1"
::1 - - [04/Sep/2018:02:38:53 +0000] "GET /api/surveys/5b8a9e9aa162db1d40a4f3b0?resolve=true HTTP/1.1" 304 - "http://localhost:8000/takeSurvey/5b8a9e9aa162db1d40a4f3b0" "Mozilla/5.0 (iPhone; CPU iPhone OS 10_3_1 like Mac OS X) AppleWebKit/603.1.30 (KHTML, like Gecko) Version/10.0 Mobile/14E304 Safari/602.1"
